1607060896895,-0.0261799,0
1607060896915,-0.0261799,0
1607060896935,-0.0261799,0
1607060896955,-0.0261799,0
1607060896975,-0.0261799,0
1607060896995,-0.0261799,0
1607060897015,-0.0261799,0
1607060897035,-0.0261799,0
1607060897055,-0.0261799,0
1607060897075,-0.0261799,0
1607060897095,-0.0261799,0
1607060897115,-0.0261799,0
1607060897135,-0.0261799,0
1607060897155,-0.0261799,0
1607060897175,-0.0261799,0
1607060897195,-0.0261799,0
1607060897215,-0.0261799,0
1607060897235,-0.0261799,0
1607060897255,-0.0261799,0
1607060897275,-0.0261799,0
1607060897295,-0.0261799,0
1607060897315,-0.0261799,0
1607060897335,-0.0261799,0
1607060897355,-0.0261799,0
1607060897375,-0.0261799,0
1607060897395,-0.0261799,0
1607060897415,-0.0261799,0
1607060897435,-0.0261799,0
1607060897455,-0.0261799,0
1607060897475,-0.0261799,0
1607060897495,-0.0261799,0
1607060897515,-0.0261799,0
1607060897535,-0.0261799,0
1607060897555,-0.0261799,0
1607060897575,-0.0261799,0
1607060897595,-0.0261799,0
1607060897615,-0.0261799,0
1607060897635,-0.0261799,0
1607060897655,-0.0261799,0
1607060897675,-0.0261799,0
1607060897695,-0.0261799,0
1607060897715,-0.0261799,0
1607060897735,-0.0261799,0
1607060897755,-0.0261799,0
1607060897775,-0.0261799,0
1607060897795,-0.0261799,0
1607060897815,-0.0261799,0
1607060897835,-0.0261799,0
1607060897855,-0.0261799,0
1607060897875,-0.0261799,0
1607060897895,-0.0261799,0
1607060897915,-0.0261799,0
1607060897935,-0.0261799,0
1607060897955,-0.0261799,0
1607060897975,-0.0261799,0
1607060897995,-0.0261799,0
1607060898015,-0.0261799,0
1607060898035,-0.0261799,0
1607060898055,-0.0261799,0
1607060898075,-0.0261799,0
1607060898095,-0.0261799,0
1607060898115,-0.0261799,0
1607060898135,-0.0261799,0
1607060898155,-0.0261799,0
1607060898175,-0.0261799,0
1607060898195,-0.0261799,0
1607060898215,-0.0261799,0
1607060898235,-0.0261799,0
1607060898255,-0.0261799,0
1607060898275,-0.0261799,0
1607060898295,-0.0261799,0
1607060898315,-0.0261799,0
1607060898335,-0.0261799,0
1607060898355,-0.0261799,0
1607060898375,-0.0261799,0
1607060898395,-0.0261799,0
1607060898415,-0.0261799,0
1607060898435,-0.0261799,0
1607060898455,-0.0261799,0
1607060898475,-0.0261799,0
1607060898495,-0.0261799,0
1607060898515,-0.0261799,0
1607060898535,-0.0261799,0
1607060898555,-0.0261799,0
1607060898575,-0.0261799,0
1607060898595,-0.0261799,0
1607060898615,-0.0261799,0
1607060898635,-0.0261799,0
1607060898655,-0.0261799,0
1607060898675,-0.0261799,0
1607060898695,-0.0261799,0
1607060898715,-0.0261799,0
1607060898735,-0.0261799,0
1607060898755,-0.0261799,0
1607060898775,-0.0261799,0
1607060898795,-0.0261799,0
1607060898815,-0.0261799,0
1607060898835,-0.0261799,0
1607060898855,-0.0261799,0
1607060898875,-0.0261799,0
1607060898895,-0.0261799,0
1607060898915,-0.0261799,0
1607060898935,-0.0261799,0
1607060898955,-0.0261799,0
1607060898975,-0.0261799,0
1607060898995,-0.0261799,0
1607060899015,-0.0261799,0
1607060899035,-0.0261799,0
1607060899055,-0.0261799,0
1607060899075,-0.0261799,0
1607060899095,-0.0261799,0
1607060899115,-0.0261799,0
1607060899135,-0.0261799,0
1607060899155,-0.0261799,0
1607060899175,-0.0261799,0
1607060899195,-0.0261799,0
1607060899215,-0.0261799,0
1607060899235,-0.0261799,0
1607060899255,-0.0261799,0
1607060899275,-0.0261799,0
1607060899295,-0.0261799,0
1607060899315,-0.0261799,0
1607060899335,-0.0261799,0
1607060899355,-0.0261799,0
1607060899375,-0.0261799,0
1607060899395,-0.0261799,0
1607060899415,-0.0261799,0
1607060899435,-0.0261799,0
1607060899455,-0.0261799,0
1607060899475,-0.0261799,0
1607060899495,-0.0261799,0
1607060899515,-0.0261799,0
1607060899535,-0.0261799,0
1607060899555,-0.0261799,0
1607060899575,-0.0261799,0
1607060899595,-0.0261799,0
1607060899615,-0.0261799,0
1607060899635,-0.0261799,0
1607060899655,-0.0261799,0
1607060899675,-0.0261799,0
1607060899695,-0.0261799,0
1607060899715,-0.0261799,0
1607060899735,-0.0261799,0
1607060899755,-0.0261799,0
1607060899775,-0.0261799,0
1607060899795,-0.0261799,0
1607060899815,-0.0261799,0
1607060899835,-0.0261799,0
1607060899855,-0.0261799,0
1607060899875,-0.0261799,0
1607060899895,-0.0261799,0
1607060899915,-0.0261799,0
1607060899935,-0.0261799,0
1607060899955,-0.0261799,0
1607060899975,-0.0261799,0
1607060899995,-0.0261799,0
1607060900015,-0.0261799,0
1607060900035,-0.0261799,0
1607060900055,-0.0261799,0
1607060900075,-0.0261799,0
1607060900095,-0.0261799,0
1607060900115,-0.0261799,0
1607060900135,-0.0261799,0
1607060900155,-0.0261799,0
1607060900175,-0.0261799,0
1607060900195,-0.0261799,0
1607060900215,-0.0261799,0
1607060900235,-0.0261799,0
1607060900255,-0.0261799,0
1607060900275,-0.0261799,0
1607060900295,-0.0261799,0
1607060900315,-0.0261799,0
1607060900335,-0.0261799,0
1607060900355,-0.0261799,0
1607060900375,-0.0261799,0
1607060900395,-0.0261799,0
1607060900415,-0.0261799,0
1607060900435,-0.0261799,0
1607060900455,-0.0261799,0
1607060900475,-0.0261799,0
1607060900495,-0.0261799,0
1607060900515,-0.0261799,0
1607060900535,-0.0261799,0
1607060900555,-0.0261799,0
1607060900575,-0.0261799,0
1607060900595,-0.0261799,0
1607060900615,-0.0261799,0
1607060900635,-0.0261799,0
1607060900655,-0.0261799,0
1607060900675,-0.0261799,0
1607060900695,-0.0261799,0
1607060900715,-0.0261799,0
1607060900735,-0.0261799,0
1607060900755,-0.0261799,0
1607060900775,-0.0261799,0
1607060900795,-0.0261799,0
1607060900815,-0.0261799,0
1607060900835,-0.0261799,0
1607060900855,-0.0261799,0
1607060900875,-0.0261799,0
1607060900895,-0.0261799,0
1607060900915,-0.0261799,0
1607060900935,-0.0261799,0
1607060900955,-0.0261799,0
1607060900975,-0.0261799,0
1607060900995,-0.0261799,0
1607060901015,-0.0261799,0
1607060901035,-0.0261799,0
1607060901055,-0.0261799,0
1607060901075,-0.0261799,0
1607060901095,-0.0261799,0
1607060901115,-0.0261799,0
1607060901135,-0.0261799,0
1607060901155,-0.0261799,0
1607060901175,-0.0261799,0
1607060901195,-0.0261799,0
1607060901215,-0.0261799,0
1607060901235,-0.0261799,0
1607060901255,-0.0261799,0
1607060901275,-0.0261799,0
1607060901295,-0.0261799,0
1607060901315,-0.0261799,0
1607060901335,-0.0261799,0
1607060901355,-0.0261799,0
1607060901375,-0.0261799,0
1607060901395,-0.0261799,0
1607060901415,-0.0261799,0
1607060901435,-0.0261799,0
1607060901455,-0.0261799,0
1607060901475,-0.0261799,0
1607060901495,-0.0261799,0
1607060901515,-0.0261799,0
1607060901535,-0.0261799,0
1607060901555,-0.0261799,0
1607060901575,-0.0261799,0
1607060901595,-0.0261799,0
1607060901615,-0.0261799,0
1607060901635,-0.0261799,0
1607060901655,-0.0261799,0
1607060901675,-0.0261799,0
1607060901695,-0.0261799,0
1607060901715,-0.0261799,0
1607060901735,-0.0261799,0
1607060901755,-0.0261799,0
1607060901775,-0.0261799,0
1607060901795,-0.0261799,0
1607060901815,-0.0261799,0
1607060901835,-0.0261799,0
1607060901855,-0.0261799,0
1607060901875,-0.0261799,0
1607060901895,-0.0261799,0
1607060901915,-0.0261799,0
1607060901935,-0.0261799,0
1607060901955,-0.0261799,0
1607060901975,-0.0261799,0
1607060901995,-0.0261799,0
1607060902015,-0.0261799,0
1607060902035,-0.0261799,0
1607060902055,-0.0261799,0
1607060902075,-0.0261799,0
1607060902095,-0.0261799,0
1607060902115,-0.0261799,0
1607060902135,-0.0261799,0
1607060902155,-0.0261799,0
1607060902175,-0.0261799,0
1607060902195,-0.0261799,0
1607060902215,-0.0261799,0
1607060902235,-0.0261799,0
1607060902255,-0.0261799,0
1607060902275,-0.0261799,0
1607060902295,-0.0261799,0
1607060902315,-0.0261799,0
1607060902335,-0.0261799,0
1607060902355,-0.0261799,0
1607060902375,-0.0261799,0
1607060902395,-0.0261799,0
1607060902415,-0.0261799,0
1607060902435,-0.0261799,0
1607060902455,-0.0261799,0
1607060902475,-0.0261799,0
1607060902495,-0.0261799,0
1607060902515,-0.0261799,0
1607060902535,-0.0261799,0
1607060902555,-0.0261799,0
1607060902575,-0.0261799,0
1607060902595,-0.0261799,0
1607060902615,-0.0261799,0
1607060902635,-0.0261799,0
1607060902655,-0.0261799,0
1607060902674,-0.0261799,0
1607060902694,-0.0261799,0
1607060902715,-0.0261799,0
1607060902734,-0.0261799,0
1607060902755,-0.0261799,0
1607060902775,-0.0261799,0
1607060902795,-0.0261799,0
1607060902814,-0.0261799,0
1607060902834,-0.0261799,0
1607060902854,-0.0261799,0
1607060902874,-0.0261799,0
1607060902894,-0.0261799,0
1607060902914,-0.0261799,0
1607060902934,-0.0261799,0
1607060902954,-0.0279253,0
1607060902974,-0.0279253,0
1607060902994,-0.0279253,0
1607060903014,-0.0279253,0
1607060903034,-0.0279253,0
1607060903054,-0.0279253,0
1607060903074,-0.0279253,0
1607060903094,-0.0279253,0
1607060903114,-0.0279253,0
1607060903134,-0.0279253,0
1607060903154,-0.0279253,0
1607060903174,-0.0296706,0
1607060903194,-0.0296706,0
1607060903214,-0.0296706,0
1607060903234,-0.0296706,0
1607060903254,-0.0296706,0
1607060903274,-0.0296706,0
1607060903294,-0.0296706,0
1607060903314,-0.0296706,0
1607060903334,-0.0296706,0
1607060903354,-0.0296706,0
1607060903374,-0.0296706,0
1607060903394,-0.0296706,0
1607060903414,-0.0296706,0
1607060903434,-0.0296706,0
1607060903454,-0.0296706,0
1607060903474,-0.0296706,0
1607060903494,-0.0296706,0
1607060903514,-0.0296706,0
1607060903534,-0.0296706,0
1607060903554,-0.0296706,0
1607060903574,-0.0296706,0
1607060903594,-0.0296706,0
1607060903614,-0.0296706,0
1607060903634,-0.0296706,0
1607060903654,-0.0296706,0
1607060903674,-0.0296706,0
1607060903694,-0.0296706,0
1607060903714,-0.0296706,0
1607060903734,-0.0296706,0
1607060903754,-0.0296706,0
1607060903774,-0.0296706,0
1607060903794,-0.0296706,0
1607060903814,-0.0296706,0
1607060903834,-0.0296706,0
1607060903854,-0.0296706,0
1607060903874,-0.0296706,0
1607060903894,-0.0296706,0
1607060903914,-0.0296706,0
1607060903934,-0.0296706,0.021
1607060903954,-0.0296706,0
1607060903974,-0.0296706,0
1607060903994,-0.0296706,0
1607060904014,-0.0296706,0
1607060904034,-0.0296706,0
1607060904054,-0.0296706,0
1607060904074,-0.0296706,0
1607060904094,-0.0296706,0
1607060904114,-0.0296706,0
1607060904134,-0.0296706,0
1607060904154,-0.0296706,0
1607060904174,-0.0296706,0
1607060904194,-0.0296706,0
1607060904214,-0.0296706,0
1607060904234,-0.0296706,0
1607060904254,-0.0296706,0
1607060904274,-0.0296706,0
1607060904294,-0.0296706,0
1607060904314,-0.0296706,0
1607060904334,-0.0296706,0
1607060904354,-0.0296706,0
1607060904374,-0.0296706,-0.025
1607060904394,-0.0296706,-0.053
1607060904414,-0.0296706,-0.055
1607060904434,-0.0296706,-0.045
1607060904454,-0.0296706,-0.038
1607060904474,-0.0296706,-0.035
1607060904494,-0.0296706,-0.032
1607060904514,-0.0296706,-0.023
1607060904534,-0.0296706,0
1607060904554,-0.0296706,0.024
1607060904574,-0.0296706,0.022
1607060904594,-0.0296706,0.021
1607060904614,-0.0296706,0.02
1607060904634,-0.0296706,0
1607060904654,-0.0296706,0
1607060904674,-0.0296706,0
1607060904694,-0.0296706,0
1607060904714,-0.0296706,0
1607060904734,-0.0296706,0
1607060904754,-0.0296706,0
1607060904774,-0.0296706,0
1607060904794,-0.0296706,0
1607060904814,-0.0296706,0.02
1607060904835,-0.0296706,0.024
1607060904854,-0.0296706,-0.043
1607060904874,-0.0296706,-0.06
1607060904894,-0.0296706,-0.057
1607060904914,-0.0296706,-0.054
1607060904934,-0.0296706,-0.071
1607060904954,-0.0296706,-0.093
1607060904974,-0.0296706,-0.098
1607060904994,-0.0296706,-0.088
1607060905014,-0.0296706,-0.099
1607060905034,-0.0296706,-0.125
1607060905054,-0.0296706,-0.117
1607060905074,-0.0296706,-0.13
1607060905094,-0.0296706,-0.147
1607060905114,-0.0296706,-0.14
1607060905134,-0.0296706,-0.17
1607060905154,-0.0296706,-0.158
1607060905174,-0.0296706,-0.186
1607060905194,-0.0296706,-0.182
1607060905214,-0.0296706,-0.197
1607060905234,-0.0296706,-0.211
1607060905254,-0.0296706,-0.206
1607060905274,-0.0296706,-0.234
1607060905294,-0.0296706,-0.237
1607060905314,-0.0279253,-0.235
1607060905334,-0.0279253,-0.257
1607060905354,-0.0279253,-0.276
1607060905374,-0.0279253,-0.28
1607060905394,-0.0279253,-0.282
1607060905414,-0.0279253,-0.29
1607060905434,-0.0279253,-0.304
1607060905454,-0.0279253,-0.318
1607060905474,-0.0279253,-0.332
1607060905494,-0.0296706,-0.346
1607060905514,-0.0296706,-0.36
1607060905534,-0.0296706,-0.38
1607060905554,-0.0296706,-0.403
1607060905574,-0.0296706,-0.42
1607060905594,-0.0296706,-0.422
1607060905614,-0.0296706,-0.43
1607060905634,-0.0296706,-0.454
1607060905654,-0.0296706,-0.46
1607060905674,-0.0296706,-0.455
1607060905694,-0.0296706,-0.472
1607060905714,-0.0296706,-0.493
1607060905734,-0.0296706,-0.487
1607060905754,-0.0296706,-0.51
1607060905774,-0.0296706,-0.516
1607060905794,-0.0296706,-0.518
1607060905814,-0.0314159,-0.54
1607060905834,-0.0314159,-0.53
1607060905854,-0.0314159,-0.55
1607060905874,-0.0314159,-0.553
1607060905894,-0.0296706,-0.561
1607060905914,-0.0296706,-0.571
1607060905934,-0.0296706,-0.57
1607060905954,-0.0296706,-0.586
1607060905974,-0.0296706,-0.577
1607060905994,-0.0296706,-0.597
1607060906014,-0.0296706,-0.583
1607060906034,-0.0296706,-0.605
1607060906054,-0.0296706,-0.592
1607060906074,-0.0296706,-0.614
1607060906094,-0.0296706,-0.6
1607060906114,-0.0296706,-0.609
1607060906134,-0.0296706,-0.603
1607060906154,-0.0296706,-0.579
1607060906174,-0.0296706,-0.561
1607060906194,-0.0296706,-0.545
1607060906214,-0.0296706,-0.526
1607060906234,-0.0296706,-0.508
1607060906254,-0.0296706,-0.495
1607060906274,-0.0296706,-0.494
1607060906294,-0.0296706,-0.519
1607060906314,-0.0296706,-0.518
1607060906334,-0.0296706,-0.537
1607060906354,-0.0296706,-0.522
1607060906374,-0.0296706,-0.525
1607060906394,-0.0296706,-0.529
1607060906414,-0.0296706,-0.521
1607060906434,-0.0296706,-0.506
1607060906454,-0.0296706,-0.491
1607060906474,-0.0296706,-0.477
1607060906494,-0.0296706,-0.466
1607060906514,-0.0296706,-0.461
1607060906534,-0.0296706,-0.451
1607060906554,-0.0296706,-0.442
1607060906574,-0.0296706,-0.436
1607060906594,-0.0296706,-0.428
1607060906614,-0.0296706,-0.418
1607060906634,-0.0296706,-0.409
1607060906654,-0.0296706,-0.407
1607060906674,-0.0296706,-0.404
1607060906694,-0.0296706,-0.401
1607060906714,-0.0296706,-0.399
1607060906734,-0.0296706,-0.39
1607060906754,-0.0296706,-0.375
1607060906774,-0.0296706,-0.361
1607060906794,-0.0296706,-0.353
1607060906814,-0.0296706,-0.354
1607060906834,-0.0296706,-0.357
1607060906854,-0.0296706,-0.342
1607060906874,-0.0296706,-0.324
1607060906894,-0.0296706,-0.325
1607060906914,-0.0296706,-0.332
1607060906934,-0.0296706,-0.318
1607060906954,-0.0296706,-0.3
1607060906974,-0.0296706,-0.307
1607060906994,-0.0296706,-0.305
1607060907014,-0.0296706,-0.285
1607060907034,-0.0296706,-0.289
1607060907054,-0.0296706,-0.292
1607060907074,-0.0296706,-0.27
1607060907094,-0.0296706,-0.276
1607060907114,-0.0296706,-0.27
1607060907134,-0.0296706,-0.255
1607060907154,-0.0296706,-0.267
1607060907174,-0.0296706,-0.244
1607060907194,-0.0296706,-0.252
1607060907214,-0.0296706,-0.237
1607060907234,-0.0296706,-0.238
1607060907254,-0.0296706,-0.227
1607060907274,-0.0296706,-0.225
1607060907294,-0.0296706,-0.21
1607060907314,-0.0296706,-0.218
1607060907334,-0.0296706,-0.192
1607060907354,-0.0296706,-0.202
1607060907374,-0.0296706,-0.187
1607060907394,-0.0296706,-0.175
1607060907414,-0.0296706,-0.184
1607060907434,-0.0296706,-0.166
1607060907454,-0.0296706,-0.154
1607060907474,-0.0296706,-0.161
1607060907494,-0.0296706,-0.152
1607060907514,-0.0296706,-0.133
1607060907534,-0.0296706,-0.128
1607060907554,-0.0296706,-0.131
1607060907574,-0.0296706,-0.128
1607060907594,-0.0296706,-0.112
1607060907614,-0.0296706,-0.098
1607060907634,-0.0296706,-0.09
1607060907654,-0.0296706,-0.087
1607060907674,-0.0296706,-0.086
1607060907694,-0.0296706,-0.082
1607060907714,-0.0296706,-0.078
1607060907734,-0.0296706,-0.073
1607060907754,-0.0296706,-0.067
1607060907774,-0.0296706,-0.06
1607060907794,-0.0296706,-0.055
1607060907814,-0.0296706,0.051
1607060907834,-0.0296706,0.046
1607060907854,-0.0296706,0.043
1607060907874,-0.0296706,0.04
1607060907894,-0.0296706,0.037
1607060907914,-0.0296706,0.034
1607060907934,-0.0296706,0.032
1607060907954,-0.0296706,0.03
1607060907974,-0.0296706,0.027
1607060907994,-0.0296706,0.026
1607060908014,-0.0296706,0
1607060908034,-0.0296706,0.023
1607060908054,-0.0296706,0.021
1607060908074,-0.0296706,0.021
1607060908094,-0.0296706,0.02
1607060908114,-0.0296706,0
1607060908134,-0.0296706,0
1607060908154,-0.0296706,0
1607060908174,-0.0296706,0
1607060908194,-0.0296706,0
1607060908214,-0.0296706,0
1607060908234,-0.0296706,0
1607060908254,-0.0296706,0
1607060908274,-0.0296706,0
1607060908294,-0.0296706,0
1607060908314,-0.0296706,0
1607060908334,-0.0296706,0
1607060908354,-0.0296706,0
1607060908374,-0.0296706,0
1607060908394,-0.0296706,0
1607060908414,-0.0296706,0
1607060908434,-0.0296706,0
1607060908454,-0.0296706,0
1607060908474,-0.0296706,0
1607060908494,-0.0296706,0
1607060908514,-0.0296706,0
1607060908534,-0.0296706,0
1607060908554,-0.0296706,0
1607060908574,-0.0296706,0
1607060908594,-0.0296706,0
1607060908614,-0.0296706,0
1607060908634,-0.0296706,0
1607060908654,-0.0296706,0
1607060908674,-0.0296706,0
1607060908694,-0.0296706,0
1607060908714,-0.0296706,0
1607060908734,-0.0296706,0
1607060908754,-0.0296706,0
1607060908774,-0.0296706,0
1607060908794,-0.0296706,0
1607060908814,-0.0296706,0
1607060908834,-0.0296706,0
1607060908854,-0.0296706,0
1607060908874,-0.0296706,0
1607060908894,-0.0296706,0
1607060908914,-0.0296706,0
1607060908934,-0.0296706,0
1607060908954,-0.0296706,0
1607060908974,-0.0296706,0
1607060908994,-0.0296706,0
1607060909014,-0.0296706,0
1607060909034,-0.0296706,0
1607060909054,-0.0296706,0
1607060909074,-0.0296706,0
1607060909094,-0.0296706,0
1607060909114,-0.0296706,0
1607060909134,-0.0296706,0
1607060909154,-0.0296706,0
1607060909174,-0.0296706,0
1607060909194,-0.0296706,0
1607060909214,-0.0296706,0
1607060909234,-0.0296706,0
1607060909254,-0.0296706,0
1607060909274,-0.0296706,0
1607060909294,-0.0296706,0
1607060909314,-0.0296706,0
1607060909334,-0.0296706,0
1607060909354,-0.0296706,0
1607060909374,-0.0296706,0
1607060909394,-0.0296706,0
1607060909414,-0.0296706,0
1607060909434,-0.0296706,0
1607060909454,-0.0296706,0
1607060909474,-0.0296706,0
1607060909494,-0.0296706,0
1607060909514,-0.0296706,0
1607060909534,-0.0296706,0
1607060909554,-0.0296706,0
1607060909574,-0.0296706,0
1607060909594,-0.0296706,0
1607060909614,-0.0296706,0
1607060909634,-0.0296706,0
1607060909654,-0.0296706,0
1607060909674,-0.0296706,0
1607060909694,-0.0296706,0
1607060909714,-0.0296706,0
1607060909734,-0.0296706,0
1607060909754,-0.0296706,0
1607060909774,-0.0296706,0
1607060909794,-0.0296706,0
1607060909814,-0.0296706,0
1607060909834,-0.0296706,0.02
1607060909854,-0.0296706,0
1607060909874,-0.0296706,0
1607060909894,-0.0296706,0
1607060909914,-0.0296706,0
1607060909934,-0.0296706,0
1607060909954,-0.0296706,0
1607060909974,-0.0296706,0
1607060909994,-0.0296706,0
1607060910014,-0.0296706,0
1607060910034,-0.0296706,0
1607060910054,-0.0296706,0
1607060910074,-0.0296706,0
1607060910094,-0.0296706,0
1607060910114,-0.0296706,0
1607060910134,-0.0296706,0
1607060910154,-0.0296706,0
1607060910174,-0.0296706,0
1607060910194,-0.0296706,0
1607060910214,-0.0296706,0
1607060910234,-0.0296706,0
1607060910254,-0.0296706,0
1607060910274,-0.0296706,0
1607060910294,-0.0296706,0
1607060910314,-0.0296706,0
1607060910334,-0.0296706,0
1607060910354,-0.0296706,0
1607060910374,-0.0296706,0
1607060910394,-0.0296706,0
1607060910414,-0.0296706,0
1607060910434,-0.0296706,0
1607060910454,-0.0296706,0
1607060910474,-0.0296706,0
1607060910494,-0.0296706,0
1607060910514,-0.0296706,0
1607060910534,-0.0296706,0
1607060910554,-0.0296706,0
1607060910574,-0.0296706,0
1607060910594,-0.0296706,0
1607060910614,-0.0296706,0
1607060910634,-0.0296706,0
1607060910654,-0.0296706,0
1607060910674,-0.0296706,0
1607060910694,-0.0296706,0
1607060910714,-0.0296706,0
1607060910734,-0.0296706,0
1607060910754,-0.0296706,0
1607060910774,-0.0296706,0
1607060910794,-0.0296706,0
1607060910814,-0.0296706,0
1607060910834,-0.0296706,0
1607060910854,-0.0296706,0
1607060910874,-0.0296706,0
1607060910894,-0.0296706,0
1607060910914,-0.0296706,0
1607060910934,-0.0296706,0
1607060910954,-0.0296706,0
1607060910974,-0.0296706,0
1607060910994,-0.0296706,0
1607060911014,-0.0296706,0
1607060911034,-0.0296706,0
1607060911054,-0.0296706,0
1607060911074,-0.0296706,0
1607060911094,-0.0296706,0
1607060911114,-0.0296706,0
1607060911134,-0.0296706,0
1607060911154,-0.0296706,0
1607060911174,-0.0296706,0
1607060911194,-0.0296706,0
1607060911214,-0.0296706,0
1607060911234,-0.0296706,0
1607060911254,-0.0296706,0
1607060911274,-0.0296706,0
1607060911294,-0.0296706,0
1607060911314,-0.0296706,0
1607060911334,-0.0296706,0
1607060911354,-0.0296706,0
1607060911374,-0.0296706,0
1607060911394,-0.0296706,0
1607060911414,-0.0296706,0
1607060911434,-0.0296706,0
1607060911454,-0.0296706,0
1607060911474,-0.0296706,0
1607060911494,-0.0296706,0
1607060911514,-0.0296706,0
1607060911534,-0.0296706,0
1607060911554,-0.0296706,0
1607060911574,-0.0296706,0
1607060911594,-0.0296706,0
1607060911614,-0.0296706,0
1607060911634,-0.0296706,0
1607060911654,-0.0296706,0
1607060911674,-0.0296706,0
1607060911694,-0.0296706,0
1607060911714,-0.0296706,0
1607060911734,-0.0296706,0
1607060911754,-0.0296706,0
1607060911774,-0.0296706,0.026
1607060911794,-0.0296706,0
1607060911814,-0.0296706,0
1607060911834,-0.0296706,0
1607060911854,-0.0296706,0.02
1607060911874,-0.0296706,0.022
1607060911894,-0.0296706,0.02
1607060911914,-0.0296706,0.02
1607060911934,-0.0296706,0.038
1607060911954,-0.0296706,0.06
1607060911974,-0.0296706,0.059
1607060911994,-0.0296706,0.057
1607060912014,-0.0296706,0.082
1607060912034,-0.0314159,0.089
1607060912054,-0.0314159,0.085
1607060912074,-0.0314159,0.109
1607060912094,-0.0314159,0.12
1607060912114,-0.0314159,0.108
1607060912134,-0.0314159,0.123
1607060912154,-0.0314159,0.142
1607060912174,-0.0314159,0.127
1607060912194,-0.0314159,0.131
1607060912214,-0.0314159,0.152
1607060912234,-0.0314159,0.138
1607060912254,-0.0314159,0.153
1607060912274,-0.0314159,0.157
1607060912294,-0.0314159,0.15
1607060912314,-0.0314159,0.173
1607060912334,-0.0314159,0.154
1607060912354,-0.0314159,0.175
1607060912374,-0.0314159,0.167
1607060912394,-0.0314159,0.172
1607060912414,-0.0314159,0.178
1607060912434,-0.0314159,0.168
1607060912454,-0.0314159,0.187
1607060912474,-0.0314159,0.168
1607060912494,-0.0314159,0.187
1607060912514,-0.0314159,0.178
1607060912534,-0.0314159,0.18
1607060912554,-0.0314159,0.189
1607060912574,-0.0314159,0.173
1607060912594,-0.0314159,0.196
1607060912614,-0.0314159,0.178
1607060912634,-0.0314159,0.201
1607060912654,-0.0314159,0.186
1607060912674,-0.0314159,0.205
1607060912694,-0.0314159,0.194
1607060912714,-0.0314159,0.213
1607060912734,-0.0314159,0.2
1607060912754,-0.0314159,0.22
1607060912774,-0.0314159,0.204
1607060912794,-0.0314159,0.227
1607060912814,-0.0314159,0.209
1607060912834,-0.0314159,0.23
1607060912854,-0.0314159,0.223
1607060912874,-0.0314159,0.23
1607060912894,-0.0314159,0.236
1607060912914,-0.0314159,0.227
1607060912934,-0.0314159,0.248
1607060912954,-0.0314159,0.236
1607060912974,-0.0314159,0.246
1607060912994,-0.0314159,0.253
1607060913014,-0.0314159,0.241
1607060913034,-0.0314159,0.261
1607060913054,-0.0314159,0.253
1607060913074,-0.0314159,0.25
1607060913094,-0.0314159,0.268
1607060913114,-0.0314159,0.255
1607060913134,-0.0314159,0.261
1607060913154,-0.0314159,0.274
1607060913174,-0.0314159,0.258
1607060913194,-0.0314159,0.267
1607060913214,-0.0314159,0.277
1607060913234,-0.0314159,0.26
1607060913254,-0.0314159,0.274
1607060913274,-0.0314159,0.276
1607060913294,-0.0314159,0.262
1607060913314,-0.0314159,0.278
1607060913334,-0.0314159,0.273
1607060913354,-0.0314159,0.265
1607060913374,-0.0314159,0.284
1607060913394,-0.0314159,0.27
1607060913414,-0.0314159,0.27
1607060913434,-0.0314159,0.284
1607060913454,-0.0314159,0.268
1607060913474,-0.0314159,0.274
1607060913494,-0.0314159,0.288
1607060913514,-0.0314159,0.274
1607060913534,-0.0314159,0.277
1607060913554,-0.0314159,0.292
1607060913574,-0.0314159,0.277
1607060913594,-0.0314159,0.279
1607060913614,-0.0314159,0.295
1607060913634,-0.0314159,0.282
1607060913654,-0.0314159,0.28
1607060913674,-0.0314159,0.296
1607060913694,-0.0314159,0.287
1607060913714,-0.0314159,0.28
1607060913734,-0.0314159,0.296
1607060913754,-0.0314159,0.292
1607060913774,-0.0314159,0.28
1607060913794,-0.0314159,0.295
1607060913814,-0.0314159,0.294
1607060913834,-0.0314159,0.28
1607060913854,-0.0314159,0.294
1607060913874,-0.0314159,0.299
1607060913894,-0.0314159,0.284
1607060913914,-0.0314159,0.293
1607060913934,-0.0314159,0.307
1607060913954,-0.0314159,0.295
1607060913974,-0.0314159,0.29
1607060913994,-0.0314159,0.305
1607060914014,-0.0314159,0.305
1607060914034,-0.0314159,0.291
1607060914054,-0.0314159,0.3
1607060914074,-0.0314159,0.313
1607060914094,-0.0314159,0.303
1607060914114,-0.0314159,0.295
1607060914134,-0.0314159,0.308
1607060914154,-0.0314159,0.313
1607060914174,-0.0314159,0.3
1607060914194,-0.0314159,0.301
1607060914214,-0.0314159,0.315
1607060914234,-0.0314159,0.31
1607060914254,-0.0314159,0.297
1607060914274,-0.0314159,0.308
1607060914294,-0.0314159,0.318
1607060914314,-0.0296706,0.306
1607060914334,-0.0296706,0.3
1607060914354,-0.0296706,0.313
1607060914374,-0.0296706,0.315
1607060914394,-0.0296706,0.304
1607060914414,-0.0279253,0.305
1607060914434,-0.0279253,0.319
1607060914454,-0.0279253,0.315
1607060914474,-0.0279253,0.304
1607060914494,-0.0279253,0.309
1607060914514,-0.0261799,0.324
1607060914534,-0.0261799,0.32
1607060914554,-0.0261799,0.308
1607060914574,-0.0244346,0.314
1607060914594,-0.0244346,0.328
1607060914614,-0.0244346,0.322
1607060914634,-0.0244346,0.309
1607060914654,-0.0244346,0.316
1607060914674,-0.0226893,0.329
1607060914694,-0.0226893,0.325
1607060914714,-0.0226893,0.313
1607060914734,-0.0226893,0.317
1607060914754,-0.0226893,0.329
1607060914774,-0.020944,0.33
1607060914794,-0.020944,0.318
1607060914814,-0.0191986,0.315
1607060914834,-0.0191986,0.329
1607060914854,-0.0191986,0.334
1607060914874,-0.0174533,0.322
1607060914894,-0.0174533,0.315
1607060914914,-0.015708,0.327
1607060914934,-0.015708,0.335
1607060914954,-0.0139626,0.324
1607060914974,-0.0139626,0.314
1607060914994,-0.0122173,0.324
1607060915014,-0.0122173,0.335
1607060915034,-0.010472,0.327
1607060915054,-0.00872665,0.315
1607060915074,-0.00698132,0.323
1607060915094,-0.00698132,0.335
1607060915114,-0.00523599,0.331
1607060915134,-0.00349066,0.318
1607060915154,-0.00174533,0.32
1607060915174,-0.00174533,0.333
1607060915194,0,0.332
1607060915214,0,0.319
1607060915234,0,0.318
1607060915254,0.00174533,0.332
1607060915274,0.00174533,0.334
1607060915294,0.00349066,0.322
1607060915314,0.00523599,0.317
1607060915334,0.00523599,0.329
1607060915354,0.00698132,0.337
1607060915374,0.00872665,0.327
1607060915394,0.00872665,0.317
1607060915414,0.010472,0.324
1607060915434,0.0122173,0.337
1607060915454,0.0139626,0.337
1607060915474,0.0174533,0.326
1607060915494,0.0191986,0.321
1607060915514,0.020944,0.33
1607060915534,0.0244346,0.341
1607060915554,0.0261799,0.334
1607060915574,0.0296706,0.323
1607060915594,0.0314159,0.324
1607060915614,0.0349066,0.336
1607060915634,0.0383972,0.341
1607060915654,0.0418879,0.332
1607060915674,0.0436332,0.322
1607060915694,0.0471239,0.329
1607060915714,0.0506146,0.341
1607060915734,0.0541052,0.337
1607060915754,0.0558505,0.324
1607060915774,0.0593412,0.325
1607060915794,0.0628318,0.337
1607060915814,0.0663225,0.337
1607060915834,0.0715585,0.323
1607060915854,0.0750492,0.321
1607060915874,0.0785398,0.334
1607060915894,0.0820305,0.336
1607060915914,0.0855211,0.322
1607060915934,0.0890118,0.318
1607060915954,0.0907571,0.332
1607060915974,0.0942478,0.335
1607060915994,0.0959931,0.322
1607060916014,0.0977384,0.317
1607060916034,0.101229,0.329
1607060916054,0.102974,0.335
1607060916074,0.10472,0.321
1607060916094,0.10821,0.317
1607060916114,0.109956,0.329
1607060916134,0.113446,0.334
1607060916154,0.115192,0.322
1607060916174,0.116937,0.315
1607060916194,0.118682,0.328
1607060916214,0.122173,0.334
1607060916234,0.125664,0.322
1607060916254,0.127409,0.313
1607060916274,0.1309,0.324
1607060916294,0.132645,0.333
1607060916314,0.136136,0.321
1607060916334,0.137881,0.311
1607060916354,0.141372,0.324
1607060916374,0.143117,0.327
1607060916394,0.146608,0.311
1607060916414,0.148353,0.312
1607060916434,0.151844,0.326
1607060916454,0.153589,0.319
1607060916474,0.15708,0.305
1607060916494,0.16057,0.315
1607060916514,0.162316,0.324
1607060916534,0.165806,0.312
1607060916554,0.167552,0.304
1607060916574,0.171042,0.318
1607060916594,0.172788,0.321
1607060916614,0.174533,0.305
1607060916634,0.178024,0.308
1607060916654,0.178024,0.322
1607060916674,0.181514,0.315
1607060916694,0.181514,0.302
1607060916714,0.18326,0.313
1607060916734,0.185005,0.322
1607060916754,0.18675,0.308
1607060916774,0.188496,0.303
1607060916794,0.191986,0.318
1607060916814,0.193732,0.317
1607060916834,0.195477,0.301
1607060916854,0.198968,0.31
1607060916874,0.200713,0.321
1607060916894,0.204204,0.308
1607060916914,0.205949,0.301
1607060916934,0.20944,0.317
1607060916954,0.21293,0.314
1607060916974,0.216421,0.3
1607060916994,0.219912,0.309
1607060917014,0.225147,0.319
1607060917034,0.228638,0.307
1607060917054,0.232129,0.3
1607060917074,0.237365,0.316
1607060917094,0.240855,0.315
1607060917114,0.246091,0.301
1607060917134,0.249582,0.307
1607060917154,0.254818,0.32
1607060917174,0.258309,0.309
1607060917194,0.261799,0.3
1607060917214,0.267035,0.313
1607060917234,0.272271,0.319
1607060917254,0.275762,0.304
1607060917274,0.279253,0.304
1607060917294,0.282743,0.319
1607060917314,0.286234,0.312
1607060917334,0.289725,0.3
1607060917354,0.29147,0.311
1607060917374,0.293215,0.32
1607060917394,0.293215,0.304
1607060917414,0.294961,0.303
1607060917434,0.294961,0.315
1607060917454,0.294961,0.295
1607060917474,0.296706,0.294
1607060917494,0.298451,0.295
1607060917514,0.300197,0.274
1607060917534,0.301942,0.279
1607060917554,0.303687,0.259
1607060917574,0.303687,0.251
1607060917594,0.305433,0.249
1607060917614,0.305433,0.222
1607060917634,0.307178,0.213
1607060917654,0.307178,0.213
1607060917674,0.308923,0.197
1607060917694,0.308923,0.177
1607060917714,0.308923,0.183
1607060917734,0.310669,0.184
1607060917754,0.310669,0.202
1607060917774,0.312414,0.186
1607060917794,0.312414,0.203
1607060917814,0.314159,0.181
1607060917834,0.314159,0.187
1607060917854,0.315905,0.179
1607060917874,0.31765,0.159
1607060917894,0.31765,0.161
1607060917914,0.319395,0.159
1607060917934,0.321141,0.139
1607060917954,0.321141,0.122
1607060917974,0.322886,0.115
1607060917994,0.324631,0.114
1607060918014,0.326377,0.11
1607060918034,0.326377,0.105
1607060918054,0.328122,0.095
1607060918074,0.328122,0.082
1607060918094,0.329867,0.072
1607060918114,0.331613,0.072
1607060918134,0.331613,0.075
1607060918154,0.333358,0.075
1607060918174,0.335103,0.072
1607060918194,0.335103,0.064
1607060918214,0.336849,0.057
1607060918234,0.336849,0.05
1607060918254,0.338594,0.046
1607060918274,0.338594,0.043
1607060918294,0.338594,0.039
1607060918314,0.338594,0.036
1607060918334,0.338594,0.032
1607060918354,0.338594,0.027
1607060918374,0.338594,0.027
1607060918394,0.338594,0.023
1607060918414,0.338594,0
1607060918434,0.338594,0.02
1607060918454,0.338594,0
1607060918474,0.338594,0
1607060918494,0.338594,0.025
1607060918514,0.338594,0.023
1607060918534,0.338594,0.025
1607060918554,0.338594,0.043
1607060918574,0.340339,0.064
1607060918594,0.340339,0.06
1607060918614,0.342085,0.063
1607060918634,0.342085,0.09
1607060918654,0.342085,0.088
1607060918674,0.34383,0.09
1607060918694,0.34383,0.117
1607060918714,0.34383,0.12
1607060918734,0.34383,0.111
1607060918754,0.34383,0.138
1607060918774,0.34383,0.142
1607060918794,0.34383,0.138
1607060918814,0.34383,0.167
1607060918834,0.34383,0.153
1607060918854,0.34383,0.173
1607060918874,0.34383,0.171
1607060918894,0.34383,0.179
1607060918914,0.34383,0.184
1607060918934,0.34383,0.185
1607060918954,0.34383,0.192
1607060918974,0.34383,0.191
1607060918994,0.34383,0.199
1607060919014,0.34383,0.196
1607060919034,0.34383,0.205
1607060919054,0.34383,0.2
1607060919074,0.34383,0.21
1607060919094,0.34383,0.203
1607060919114,0.34383,0.213
1607060919134,0.34383,0.205
1607060919154,0.34383,0.216
1607060919174,0.34383,0.206
1607060919194,0.34383,0.219
1607060919214,0.34383,0.209
1607060919234,0.34383,0.22
1607060919254,0.34383,0.211
1607060919274,0.34383,0.221
1607060919294,0.34383,0.212
1607060919314,0.34383,0.222
1607060919334,0.34383,0.214
1607060919354,0.34383,0.222
1607060919374,0.34383,0.216
1607060919394,0.34383,0.223
1607060919414,0.34383,0.219
1607060919434,0.34383,0.222
1607060919454,0.34383,0.22
1607060919474,0.34383,0.22
1607060919494,0.34383,0.221
1607060919514,0.34383,0.221
1607060919534,0.34383,0.222
1607060919554,0.34383,0.221
1607060919574,0.34383,0.224
1607060919594,0.34383,0.22
1607060919614,0.34383,0.224
1607060919634,0.34383,0.219
1607060919654,0.34383,0.223
1607060919674,0.34383,0.221
1607060919694,0.34383,0.223
1607060919714,0.34383,0.223
1607060919734,0.34383,0.222
1607060919754,0.34383,0.222
1607060919774,0.34383,0.221
1607060919794,0.34383,0.223
1607060919814,0.34383,0.22
1607060919834,0.34383,0.223
1607060919854,0.34383,0.221
1607060919874,0.34383,0.224
1607060919894,0.34383,0.22
1607060919914,0.34383,0.224
1607060919934,0.34383,0.22
1607060919954,0.34383,0.224
1607060919974,0.34383,0.22
1607060919994,0.34383,0.225
1607060920014,0.34383,0.217
1607060920034,0.34383,0.226
1607060920054,0.34383,0.21
1607060920074,0.34383,0.227
1607060920094,0.34383,0.206
1607060920114,0.34383,0.226
1607060920134,0.34383,0.204
1607060920154,0.34383,0.225
1607060920174,0.34383,0.206
1607060920194,0.342085,0.224
1607060920214,0.342085,0.205
1607060920234,0.340339,0.219
1607060920254,0.340339,0.206
1607060920274,0.338594,0.208
1607060920294,0.338594,0.209
1607060920314,0.336849,0.208
1607060920334,0.336849,0.213
1607060920354,0.336849,0.199
1607060920374,0.336849,0.214
1607060920394,0.336849,0.193
1607060920414,0.336849,0.193
1607060920434,0.336849,0.197
1607060920454,0.336849,0.175
1607060920474,0.336849,0.161
1607060920494,0.336849,0.163
1607060920514,0.336849,0.163
1607060920534,0.336849,0.15
1607060920554,0.336849,0.134
1607060920574,0.336849,0.123
1607060920594,0.336849,0.123
1607060920614,0.336849,0.128
1607060920634,0.336849,0.128
1607060920654,0.336849,0.114
1607060920674,0.336849,0.102
1607060920694,0.336849,0.099
1607060920714,0.336849,0.106
1607060920734,0.336849,0.112
1607060920754,0.336849,0.106
1607060920774,0.336849,0.095
1607060920794,0.336849,0.086
1607060920814,0.336849,0.09
1607060920834,0.336849,0.096
1607060920854,0.336849,0.102
1607060920874,0.338594,0.094
1607060920894,0.338594,0.084
1607060920914,0.338594,0.087
1607060920934,0.338594,0.1
1607060920954,0.338594,0.104
1607060920974,0.338594,0.092
1607060920994,0.338594,0.086
1607060921014,0.338594,0.096
1607060921034,0.338594,0.107
1607060921054,0.338594,0.11
1607060921074,0.338594,0.1
1607060921094,0.338594,0.09
1607060921114,0.338594,0.083
1607060921134,0.338594,0.086
1607060921154,0.338594,0.098
1607060921174,0.338594,0.109
1607060921194,0.338594,0.135
1607060921214,0.338594,0.102
1607060921234,0.338594,0.095
1607060921254,0.338594,0.111
1607060921274,0.338594,0.118
1607060921294,0.338594,0.107
1607060921314,0.338594,0.098
1607060921334,0.338594,0.11
1607060921354,0.338594,0.123
1607060921374,0.338594,0.115
1607060921394,0.338594,0.103
1607060921414,0.338594,0.109
1607060921434,0.338594,0.124
1607060921454,0.338594,0.121
1607060921474,0.338594,0.107
1607060921494,0.338594,0.109
1607060921514,0.338594,0.124
1607060921534,0.338594,0.124
1607060921554,0.338594,0.111
1607060921574,0.338594,0.109
1607060921594,0.338594,0.123
1607060921614,0.338594,0.126
1607060921634,0.338594,0.112
1607060921654,0.338594,0.109
1607060921674,0.338594,0.123
1607060921694,0.338594,0.128
1607060921714,0.338594,0.114
1607060921734,0.338594,0.107
1607060921754,0.338594,0.122
1607060921774,0.338594,0.13
1607060921794,0.338594,0.117
1607060921814,0.338594,0.107
1607060921834,0.338594,0.12
1607060921854,0.338594,0.131
1607060921874,0.338594,0.119
1607060921894,0.338594,0.109
1607060921914,0.338594,0.118
1607060921934,0.338594,0.13
1607060921954,0.338594,0.122
1607060921974,0.338594,0.109
1607060921994,0.338594,0.116
1607060922014,0.338594,0.129
1607060922034,0.338594,0.124
1607060922054,0.338594,0.11
1607060922074,0.338594,0.114
1607060922094,0.338594,0.128
1607060922114,0.338594,0.126
1607060922134,0.338594,0.112
1607060922154,0.338594,0.111
1607060922174,0.338594,0.125
1607060922194,0.338594,0.13
1607060922214,0.338594,0.115
1607060922234,0.338594,0.108
1607060922254,0.338594,0.121
1607060922274,0.338594,0.128
1607060922294,0.338594,0.119
1607060922314,0.338594,0.107
1607060922334,0.338594,0.116
1607060922354,0.338594,0.128
1607060922374,0.338594,0.124
1607060922394,0.338594,0.111
1607060922414,0.338594,0.11
1607060922434,0.338594,0.124
1607060922454,0.338594,0.129
1607060922474,0.338594,0.115
1607060922494,0.338594,0.107
1607060922514,0.338594,0.12
1607060922534,0.338594,0.13
1607060922554,0.338594,0.119
1607060922574,0.338594,0.107
1607060922594,0.338594,0.117
1607060922614,0.338594,0.129
1607060922634,0.338594,0.122
1607060922654,0.338594,0.109
1607060922674,0.338594,0.114
1607060922694,0.338594,0.128
1607060922714,0.338594,0.125
1607060922734,0.338594,0.111
1607060922754,0.338594,0.11
1607060922774,0.338594,0.124
1607060922794,0.338594,0.129
1607060922814,0.338594,0.114
1607060922834,0.338594,0.107
1607060922854,0.338594,0.12
1607060922874,0.338594,0.13
1607060922894,0.338594,0.119
1607060922914,0.338594,0.107
1607060922934,0.338594,0.115
1607060922954,0.338594,0.128
1607060922974,0.338594,0.123
1607060922994,0.338594,0.109
1607060923014,0.338594,0.113
1607060923034,0.338594,0.126
1607060923054,0.338594,0.126
1607060923074,0.338594,0.111
1607060923094,0.338594,0.111
1607060923114,0.338594,0.125
1607060923134,0.338594,0.128
1607060923154,0.338594,0.114
1607060923174,0.338594,0.111
1607060923194,0.338594,0.125
1607060923214,0.338594,0.13
1607060923234,0.338594,0.115
1607060923254,0.338594,0.109
1607060923274,0.338594,0.124
1607060923294,0.338594,0.13
1607060923314,0.338594,0.116
1607060923334,0.338594,0.108
1607060923354,0.338594,0.121
1607060923374,0.338594,0.13
1607060923394,0.338594,0.119
1607060923414,0.338594,0.107
1607060923434,0.338594,0.119
1607060923454,0.338594,0.131
1607060923474,0.338594,0.121
1607060923494,0.338594,0.109
1607060923514,0.338594,0.117
1607060923534,0.338594,0.13
1607060923554,0.338594,0.123
1607060923574,0.338594,0.11
1607060923594,0.338594,0.116
1607060923614,0.338594,0.13
1607060923634,0.338594,0.123
1607060923654,0.338594,0.11
1607060923674,0.338594,0.116
1607060923694,0.338594,0.129
1607060923714,0.338594,0.124
1607060923734,0.338594,0.106
1607060923754,0.338594,0.115
1607060923774,0.338594,0.13
1607060923794,0.338594,0.125
1607060923814,0.338594,0.111
1607060923834,0.338594,0.114
1607060923854,0.338594,0.129
1607060923874,0.338594,0.126
1607060923894,0.338594,0.112
1607060923914,0.338594,0.112
1607060923934,0.338594,0.126
1607060923954,0.338594,0.129
1607060923974,0.338594,0.115
1607060923994,0.338594,0.109
1607060924014,0.338594,0.124
1607060924034,0.338594,0.13
1607060924054,0.338594,0.117
1607060924074,0.338594,0.107
1607060924094,0.338594,0.12
1607060924114,0.338594,0.131
1607060924134,0.338594,0.119
1607060924154,0.338594,0.109
1607060924174,0.338594,0.12
1607060924194,0.338594,0.131
1607060924214,0.338594,0.12
1607060924234,0.338594,0.11
1607060924254,0.338594,0.123
1607060924274,0.338594,0.132
1607060924294,0.338594,0.118
1607060924314,0.338594,0.113
1607060924334,0.338594,0.128
1607060924354,0.338594,0.129
1607060924374,0.338594,0.115
1607060924394,0.338594,0.12
1607060924414,0.338594,0.134
1607060924434,0.338594,0.125
1607060924454,0.338594,0.112
1607060924474,0.338594,0.114
1607060924494,0.338594,0.11
1607060924514,0.338594,0.101
1607060924533,0.338594,0.089
1607060924553,0.338594,0.078
1607060924573,0.338594,0.072
1607060924593,0.338594,0.064
1607060924613,0.338594,0.059
1607060924634,0.338594,0.053
1607060924653,0.338594,0.048
1607060924673,0.338594,0.044
1607060924694,0.338594,0.04
1607060924714,0.338594,0.037
1607060924733,0.338594,0.034
1607060924754,0.336849,0.031
1607060924773,0.336849,0.029
1607060924794,0.336849,0.027
1607060924813,0.336849,0.025
1607060924833,0.336849,0.023
1607060924853,0.335103,0.022
1607060924873,0.335103,0.025
1607060924893,0.335103,0.02
1607060924914,0.335103,0
1607060924934,0.335103,0
1607060924953,0.335103,0
1607060924973,0.335103,0
1607060924993,0.335103,0
1607060925013,0.335103,0
1607060925033,0.335103,0
1607060925053,0.335103,0
1607060925073,0.335103,0
1607060925094,0.335103,0
1607060925113,0.335103,0
1607060925133,0.335103,0
1607060925153,0.335103,0
1607060925173,0.335103,0
1607060925193,0.335103,0
1607060925213,0.335103,0
1607060925233,0.335103,0
1607060925253,0.335103,0
1607060925273,0.335103,0
1607060925293,0.335103,0
1607060925313,0.335103,0
1607060925333,0.335103,0
1607060925353,0.335103,0
1607060925373,0.336849,0
1607060925393,0.336849,0
1607060925413,0.336849,0
1607060925433,0.336849,0
1607060925453,0.336849,0
1607060925473,0.336849,0
1607060925493,0.336849,0
1607060925513,0.336849,0
1607060925533,0.336849,0
1607060925553,0.336849,0
1607060925573,0.336849,0
1607060925593,0.336849,0
1607060925613,0.336849,0
1607060925633,0.336849,0
1607060925653,0.336849,0
1607060925673,0.336849,0
1607060925693,0.335103,0
1607060925713,0.335103,0
1607060925733,0.335103,0
1607060925753,0.335103,0
1607060925773,0.335103,0
1607060925793,0.335103,0
1607060925813,0.335103,0
1607060925833,0.335103,0
1607060925853,0.335103,0
1607060925873,0.335103,0
1607060925893,0.335103,0
1607060925913,0.335103,0
1607060925933,0.335103,0
1607060925953,0.335103,0
1607060925973,0.335103,0
1607060925993,0.335103,0
1607060926013,0.335103,0
1607060926033,0.335103,0
1607060926053,0.335103,0
1607060926073,0.335103,0
1607060926093,0.335103,0
1607060926113,0.335103,0
1607060926133,0.335103,0
1607060926153,0.335103,0
1607060926173,0.335103,0
1607060926193,0.335103,0
1607060926213,0.335103,0
1607060926233,0.335103,0
1607060926253,0.335103,0
1607060926273,0.335103,0
1607060926293,0.335103,0
1607060926313,0.335103,0
1607060926333,0.335103,0
1607060926353,0.335103,0
1607060926373,0.335103,0
1607060926393,0.335103,0
1607060926413,0.335103,0
1607060926433,0.335103,0
1607060926453,0.335103,0
1607060926473,0.335103,0
1607060926493,0.335103,0
1607060926513,0.335103,0
1607060926533,0.335103,0
1607060926553,0.335103,0
1607060926573,0.335103,0
1607060926593,0.335103,0
1607060926613,0.335103,0
1607060926633,0.335103,0
1607060926653,0.335103,0
1607060926673,0.335103,0
1607060926693,0.335103,0
1607060926713,0.335103,0
1607060926733,0.335103,0
1607060926753,0.335103,0
1607060926773,0.335103,0
1607060926793,0.335103,0
1607060926813,0.335103,0
1607060926833,0.335103,0
1607060926853,0.335103,0
1607060926873,0.335103,0.022
1607060926893,0.335103,0.027
1607060926913,0.335103,0.034
1607060926933,0.335103,0.034
1607060926953,0.335103,0.031
1607060926973,0.335103,0.052
1607060926993,0.335103,0.026
1607060927013,0.335103,0.029
1607060927033,0.335103,0.041
1607060927053,0.335103,0.053
1607060927073,0.335103,0.062
1607060927093,0.335103,0.059
1607060927113,0.335103,0.053
1607060927133,0.335103,0.049
1607060927153,0.335103,0.054
1607060927173,0.335103,0.071
1607060927193,0.335103,0.085
1607060927213,0.335103,0.09
1607060927233,0.335103,0.08
1607060927253,0.336849,0.074
1607060927273,0.336849,0.087
1607060927293,0.336849,0.103
1607060927313,0.336849,0.101
1607060927333,0.336849,0.09
1607060927353,0.336849,0.093
1607060927373,0.336849,0.109
1607060927393,0.336849,0.114
1607060927413,0.336849,0.101
1607060927433,0.336849,0.097
1607060927453,0.336849,0.112
1607060927473,0.336849,0.12
1607060927493,0.336849,0.109
1607060927513,0.336849,0.1
1607060927533,0.336849,0.114
1607060927553,0.335103,0.124
1607060927573,0.335103,0.113
1607060927593,0.335103,0.103
1607060927614,0.335103,0.114
1607060927633,0.335103,0.127
1607060927653,0.335103,0.117
1607060927673,0.335103,0.105
1607060927693,0.335103,0.116
1607060927713,0.335103,0.129
1607060927733,0.335103,0.119
1607060927753,0.335103,0.107
1607060927773,0.335103,0.117
1607060927793,0.335103,0.13
1607060927813,0.335103,0.12
1607060927833,0.335103,0.108
1607060927853,0.335103,0.117
1607060927873,0.335103,0.129
1607060927893,0.335103,0.121
1607060927913,0.335103,0.108
1607060927933,0.335103,0.115
1607060927953,0.335103,0.13
1607060927973,0.335103,0.123
1607060927993,0.335103,0.109
1607060928013,0.335103,0.115
1607060928033,0.335103,0.129
1607060928053,0.335103,0.125
1607060928073,0.335103,0.111
1607060928093,0.335103,0.113
1607060928113,0.335103,0.127
1607060928133,0.335103,0.127
1607060928153,0.335103,0.112
1607060928173,0.335103,0.111
1607060928193,0.335103,0.126
1607060928213,0.335103,0.127
1607060928233,0.335103,0.112
1607060928253,0.335103,0.111
1607060928273,0.335103,0.126
1607060928293,0.335103,0.128
1607060928313,0.335103,0.115
1607060928333,0.335103,0.111
1607060928353,0.335103,0.125
1607060928373,0.335103,0.129
1607060928393,0.335103,0.115
1607060928413,0.335103,0.111
1607060928433,0.335103,0.125
1607060928453,0.335103,0.129
1607060928473,0.335103,0.115
1607060928493,0.335103,0.109
1607060928513,0.335103,0.124
1607060928533,0.335103,0.13
1607060928553,0.335103,0.116
1607060928573,0.335103,0.108
1607060928593,0.335103,0.123
1607060928613,0.335103,0.131
1607060928633,0.335103,0.118
1607060928653,0.335103,0.109
1607060928673,0.335103,0.123
1607060928693,0.335103,0.131
1607060928713,0.335103,0.119
1607060928733,0.335103,0.11
1607060928753,0.335103,0.124
1607060928773,0.335103,0.131
1607060928793,0.335103,0.118
1607060928813,0.335103,0.11
1607060928833,0.335103,0.125
1607060928853,0.335103,0.131
1607060928873,0.335103,0.116
1607060928893,0.335103,0.112
1607060928913,0.335103,0.126
1607060928933,0.335103,0.13
1607060928953,0.335103,0.115
1607060928973,0.335103,0.111
1607060928993,0.335103,0.126
1607060929013,0.335103,0.131
1607060929033,0.335103,0.116
1607060929053,0.335103,0.11
1607060929073,0.335103,0.124
1607060929093,0.335103,0.131
1607060929113,0.335103,0.117
1607060929133,0.335103,0.109
1607060929153,0.335103,0.123
1607060929173,0.335103,0.131
1607060929193,0.335103,0.117
1607060929213,0.335103,0.109
1607060929233,0.335103,0.122
1607060929253,0.335103,0.131
1607060929273,0.335103,0.118
1607060929293,0.335103,0.11
1607060929313,0.335103,0.124
1607060929333,0.335103,0.131
1607060929353,0.335103,0.117
1607060929373,0.335103,0.111
1607060929393,0.335103,0.126
1607060929413,0.335103,0.131
1607060929433,0.335103,0.116
1607060929453,0.335103,0.113
1607060929473,0.335103,0.128
1607060929493,0.335103,0.129
1607060929513,0.335103,0.114
1607060929533,0.335103,0.114
1607060929553,0.335103,0.129
1607060929573,0.335103,0.129
1607060929593,0.335103,0.114
1607060929613,0.335103,0.114
1607060929633,0.335103,0.128
1607060929653,0.335103,0.129
1607060929673,0.335103,0.114
1607060929693,0.335103,0.112
1607060929713,0.335103,0.126
1607060929733,0.335103,0.129
1607060929753,0.335103,0.115
1607060929773,0.335103,0.11
1607060929793,0.335103,0.126
1607060929813,0.335103,0.13
1607060929833,0.335103,0.115
1607060929853,0.335103,0.109
1607060929873,0.335103,0.124
1607060929893,0.335103,0.131
1607060929913,0.335103,0.116
1607060929933,0.335103,0.109
1607060929953,0.335103,0.123
1607060929973,0.335103,0.131
1607060929993,0.335103,0.118
1607060930013,0.336849,0.109
1607060930033,0.336849,0.122
1607060930053,0.336849,0.131
1607060930073,0.336849,0.118
1607060930093,0.336849,0.108
1607060930113,0.336849,0.121
1607060930133,0.336849,0.131
1607060930153,0.336849,0.119
1607060930173,0.336849,0.108
1607060930193,0.336849,0.12
1607060930213,0.336849,0.131
1607060930233,0.336849,0.12
1607060930253,0.336849,0.109
1607060930273,0.336849,0.12
1607060930293,0.336849,0.132
1607060930313,0.335103,0.121
1607060930333,0.335103,0.11
1607060930353,0.335103,0.12
1607060930373,0.335103,0.129
1607060930393,0.335103,0.12
1607060930413,0.335103,0.107
1607060930433,0.335103,0.107
1607060930453,0.335103,0.118
1607060930473,0.335103,0.122
1607060930493,0.335103,0.109
1607060930513,0.335103,0.1
1607060930533,0.335103,0.109
1607060930553,0.335103,0.119
1607060930573,0.335103,0.115
1607060930593,0.335103,0.102
1607060930613,0.335103,0.096
1607060930633,0.335103,0.107
1607060930653,0.335103,0.114
1607060930673,0.335103,0.111
1607060930693,0.335103,0.098
1607060930713,0.335103,0.088
1607060930733,0.335103,0.09
1607060930753,0.335103,0.095
1607060930773,0.335103,0.1
1607060930793,0.335103,0.099
1607060930813,0.335103,0.088
1607060930833,0.335103,0.079
1607060930853,0.335103,0.071
1607060930873,0.335103,0.064
1607060930893,0.335103,0.059
1607060930913,0.335103,0.056
1607060930933,0.335103,0.054
1607060930953,0.335103,0.055
1607060930973,0.335103,0.052
1607060930993,0.335103,0.045
1607060931013,0.335103,0.042
1607060931033,0.335103,0.038
1607060931053,0.335103,0.035
1607060931073,0.335103,0.031
1607060931093,0.335103,0.03
1607060931113,0.335103,0.027
1607060931133,0.335103,0.025
1607060931153,0.335103,0.024
1607060931173,0.335103,0.022
1607060931193,0.335103,0.021
1607060931213,0.335103,0
1607060931233,0.335103,0
1607060931253,0.335103,0
1607060931273,0.335103,0
1607060931293,0.335103,0
1607060931313,0.335103,0
1607060931333,0.335103,0
1607060931353,0.335103,0
1607060931373,0.335103,0
1607060931393,0.335103,0
1607060931413,0.335103,0
1607060931433,0.335103,0
1607060931453,0.335103,0
1607060931473,0.335103,0
1607060931493,0.335103,0
1607060931513,0.335103,0
1607060931533,0.335103,0
1607060931553,0.335103,0
1607060931573,0.335103,0
1607060931593,0.335103,0
1607060931613,0.335103,0
1607060931633,0.335103,0
1607060931653,0.335103,0
1607060931673,0.335103,0
1607060931693,0.335103,0
1607060931713,0.335103,0
1607060931733,0.335103,0
1607060931753,0.335103,0
1607060931773,0.335103,0
1607060931793,0.335103,0
1607060931813,0.335103,0
1607060931833,0.335103,0
1607060931853,0.335103,0
1607060931873,0.335103,0
1607060931893,0.335103,0
1607060931913,0.335103,0
1607060931933,0.335103,0
1607060931953,0.335103,0
1607060931973,0.335103,0
1607060931993,0.335103,0
1607060932013,0.335103,0
1607060932033,0.335103,0
1607060932053,0.335103,0
1607060932073,0.335103,0
1607060932093,0.335103,0
1607060932113,0.335103,0
1607060932133,0.335103,0
1607060932153,0.335103,0
1607060932173,0.335103,0
1607060932193,0.335103,0
1607060932213,0.335103,0
1607060932233,0.335103,0
1607060932253,0.335103,0
1607060932273,0.335103,0
1607060932293,0.335103,0
1607060932313,0.335103,0
1607060932333,0.335103,0
1607060932353,0.335103,0
1607060932373,0.335103,0
1607060932393,0.335103,0
1607060932413,0.335103,0
1607060932433,0.335103,0
1607060932453,0.335103,0
1607060932473,0.335103,0
1607060932493,0.335103,0
1607060932513,0.335103,0
1607060932533,0.335103,0
1607060932553,0.335103,0
1607060932573,0.335103,0
1607060932593,0.335103,0
1607060932613,0.335103,0
1607060932633,0.335103,0
1607060932653,0.335103,0
1607060932673,0.335103,0
1607060932693,0.335103,0
1607060932713,0.335103,0
1607060932733,0.335103,0
1607060932753,0.335103,0
1607060932773,0.335103,0
1607060932793,0.335103,0
1607060932813,0.335103,0
1607060932833,0.335103,0
1607060932853,0.336849,0
1607060932873,0.336849,0
1607060932893,0.336849,0
1607060932913,0.336849,0
1607060932933,0.338594,0
1607060932953,0.338594,0
1607060932973,0.338594,0
1607060932993,0.338594,0
1607060933013,0.338594,0
1607060933033,0.336849,0
1607060933053,0.336849,0
1607060933073,0.336849,0
1607060933093,0.336849,0
1607060933114,0.336849,0
1607060933133,0.336849,0
1607060933153,0.336849,0
1607060933173,0.336849,0
1607060933193,0.336849,0
1607060933213,0.336849,0
1607060933233,0.336849,0
1607060933253,0.336849,0
1607060933273,0.336849,0
1607060933293,0.336849,0
1607060933313,0.336849,0
1607060933333,0.336849,0
1607060933353,0.336849,0
1607060933373,0.336849,0
1607060933393,0.336849,0
1607060933413,0.336849,0
1607060933433,0.336849,0
1607060933453,0.336849,0
1607060933473,0.336849,0
1607060933493,0.336849,0
1607060933513,0.336849,0
1607060933533,0.336849,0
1607060933553,0.335103,0
1607060933573,0.335103,0
1607060933593,0.335103,0
1607060933613,0.335103,0
1607060933633,0.335103,0
1607060933653,0.335103,0
1607060933673,0.335103,0
1607060933693,0.335103,0
1607060933713,0.335103,0
1607060933733,0.335103,0
1607060933753,0.335103,0
1607060933773,0.335103,0
1607060933793,0.335103,0
1607060933813,0.335103,0
1607060933833,0.335103,0
1607060933853,0.335103,0
1607060933873,0.335103,0
1607060933893,0.335103,0
1607060933913,0.335103,0
1607060933933,0.335103,0
1607060933953,0.335103,0
1607060933973,0.335103,0
1607060933993,0.335103,0
1607060934013,0.335103,0
1607060934033,0.335103,0
1607060934053,0.335103,0
1607060934073,0.335103,0
1607060934093,0.335103,0
1607060934113,0.335103,0
1607060934133,0.335103,0
1607060934153,0.335103,0
1607060934173,0.335103,0
1607060934193,0.335103,0
1607060934213,0.335103,0
1607060934233,0.335103,0
1607060934253,0.335103,0
1607060934273,0.335103,0
1607060934293,0.335103,0
1607060934313,0.335103,0
1607060934333,0.335103,0
1607060934353,0.335103,0
1607060934373,0.335103,0
1607060934393,0.335103,0
1607060934413,0.335103,0
1607060934433,0.335103,0
1607060934453,0.336849,0
1607060934473,0.336849,0
1607060934493,0.336849,0
1607060934513,0.336849,0
1607060934533,0.336849,0
1607060934553,0.336849,0
1607060934573,0.335103,0
1607060934593,0.335103,0
1607060934613,0.335103,0
1607060934633,0.335103,0
1607060934653,0.335103,0
1607060934673,0.335103,0
1607060934693,0.336849,0
1607060934713,0.336849,0
1607060934733,0.336849,0
1607060934753,0.336849,0
1607060934773,0.336849,0
1607060934793,0.336849,0
1607060934813,0.336849,0
1607060934833,0.336849,0
1607060934853,0.336849,0
1607060934873,0.336849,0
1607060934893,0.336849,0
1607060934913,0.336849,0
1607060934933,0.336849,0
1607060934953,0.336849,0
1607060934973,0.336849,0
1607060934993,0.336849,0
1607060935013,0.336849,0
1607060935033,0.336849,0
1607060935053,0.336849,0
1607060935073,0.336849,0
1607060935093,0.336849,0
1607060935113,0.336849,0
1607060935133,0.336849,0
1607060935153,0.336849,0
1607060935173,0.336849,0
1607060935193,0.335103,0
1607060935213,0.335103,0
1607060935233,0.335103,0
1607060935253,0.335103,0
1607060935273,0.335103,0
1607060935293,0.335103,0
1607060935313,0.335103,0
1607060935333,0.335103,0
1607060935353,0.335103,0
1607060935373,0.335103,0
1607060935393,0.335103,0
1607060935413,0.335103,0
1607060935433,0.335103,0
1607060935453,0.335103,0
1607060935473,0.335103,0
1607060935493,0.335103,0
1607060935513,0.335103,0
1607060935533,0.335103,0
1607060935553,0.335103,0
1607060935573,0.335103,0
1607060935593,0.335103,0
1607060935613,0.335103,0
1607060935633,0.335103,0
1607060935653,0.335103,0
1607060935673,0.335103,0
1607060935693,0.335103,0
1607060935713,0.335103,0
1607060935733,0.335103,0
1607060935753,0.335103,0
1607060935773,0.335103,0
1607060935793,0.335103,0
1607060935813,0.335103,0
1607060935833,0.335103,0
1607060935853,0.335103,0
1607060935873,0.335103,0
1607060935893,0.335103,0
1607060935913,0.335103,0
1607060935933,0.335103,0
1607060935953,0.335103,0
1607060935973,0.335103,0
1607060935993,0.335103,0
1607060936013,0.335103,0
1607060936033,0.335103,0
1607060936053,0.335103,0
1607060936073,0.335103,0
1607060936093,0.335103,0
1607060936113,0.335103,0
1607060936133,0.335103,0
1607060936153,0.335103,0
1607060936173,0.335103,0
1607060936193,0.335103,0
1607060936213,0.335103,0
1607060936233,0.335103,0
1607060936253,0.335103,0
1607060936273,0.335103,0
1607060936293,0.335103,0
1607060936313,0.335103,0
1607060936333,0.335103,0
1607060936353,0.335103,0
1607060936373,0.335103,0
1607060936393,0.335103,0
1607060936413,0.335103,0
1607060936433,0.335103,0
1607060936453,0.335103,0
1607060936473,0.335103,0
1607060936493,0.335103,0
1607060936513,0.335103,0
1607060936533,0.335103,0
1607060936553,0.335103,0
1607060936573,0.335103,0
1607060936593,0.335103,0
1607060936613,0.335103,0
1607060936633,0.335103,0
1607060936653,0.335103,0
1607060936673,0.335103,0
1607060936693,0.335103,0
1607060936713,0.335103,0
1607060936733,0.335103,0
1607060936753,0.335103,0
1607060936773,0.335103,0
1607060936793,0.335103,0
1607060936813,0.335103,0
1607060936833,0.335103,0
1607060936853,0.335103,0
1607060936873,0.335103,0
1607060936893,0.335103,0
1607060936913,0.335103,0
1607060936933,0.335103,0
1607060936953,0.335103,0
1607060936973,0.335103,0
1607060936993,0.335103,0
1607060937013,0.335103,0
1607060937033,0.335103,0
1607060937053,0.335103,0
1607060937073,0.335103,0
1607060937093,0.335103,0
1607060937113,0.335103,0
1607060937133,0.335103,0
1607060937153,0.335103,0
1607060937173,0.335103,0
1607060937193,0.335103,0
1607060937213,0.335103,0
1607060937233,0.335103,0
1607060937253,0.335103,0
1607060937273,0.335103,0
1607060937293,0.335103,0
1607060937313,0.335103,0
1607060937333,0.335103,0
1607060937353,0.335103,0
1607060937373,0.335103,0
1607060937393,0.335103,0
1607060937413,0.335103,0
1607060937433,0.335103,0
1607060937453,0.335103,0
1607060937473,0.335103,0
1607060937493,0.335103,0
1607060937513,0.335103,0
1607060937533,0.335103,0
1607060937553,0.335103,0
1607060937573,0.335103,0
1607060937593,0.335103,0
1607060937613,0.335103,0
1607060937633,0.335103,0
1607060937653,0.335103,0
1607060937673,0.335103,0
1607060937693,0.335103,0
1607060937713,0.335103,0
1607060937733,0.335103,0
1607060937753,0.335103,0
1607060937773,0.335103,0
1607060937793,0.335103,0
1607060937813,0.335103,0
1607060937833,0.335103,0
1607060937853,0.335103,0
1607060937873,0.335103,0
1607060937893,0.335103,0
1607060937913,0.335103,0
1607060937933,0.335103,0
1607060937953,0.335103,0
1607060937973,0.335103,0
1607060937993,0.335103,0
1607060938013,0.335103,0
1607060938033,0.335103,0
