20210104_091222_935085,0,0
20210104_091222_955061,-2,5
20210104_091222_975065,-11,0
20210104_091222_995066,-18,0
20210104_091223_015067,-20,0
20210104_091223_035069,-23,-5
20210104_091223_055064,-24,-5
20210104_091223_075065,-23,0
20210104_091223_095074,-24,0
20210104_091223_115067,-22,0
20210104_091223_135070,-20,0
20210104_091223_155069,-19,-5
20210104_091223_175067,-17,0
20210104_091223_195062,-17,0
20210104_091223_215070,-16,0
20210104_091223_235088,-16,0
20210104_091223_255071,-16,0
20210104_091223_275093,-14,0
20210104_091223_295064,-14,0
20210104_091223_315070,-14,0
20210104_091223_335074,-16,0
20210104_091223_355064,-11,5
20210104_091223_375073,-5,5
20210104_091223_395065,0,5
20210104_091223_415069,0,0
20210104_091223_435073,2,0
20210104_091223_455070,1,0
20210104_091223_475066,0,0
20210104_091223_495071,1,0
20210104_091223_515066,0,0
20210104_091223_535072,0,0
20210104_091223_555071,0,0
20210104_091223_575068,0,0
20210104_091223_595062,0,0
20210104_091223_615064,0,0
20210104_091223_635089,0,0
20210104_091223_655069,0,0
20210104_091223_675066,0,0
20210104_091223_695061,-1,0
20210104_091223_715064,0,0
20210104_091223_735067,0,0
20210104_091223_755066,0,0
20210104_091223_775091,0,0
20210104_091223_795058,0,0
20210104_091223_815068,0,0
20210104_091223_835083,0,0
20210104_091223_855064,0,0
20210104_091223_875087,0,0
20210104_091223_895087,0,0
20210104_091223_915071,0,0
20210104_091223_935072,0,15
20210104_091223_955093,-1,10
20210104_091223_975088,1,10
20210104_091223_995088,1,10
20210104_091224_015099,0,10
20210104_091224_035084,1,10
20210104_091224_055074,1,10
20210104_091224_075086,0,10
20210104_091224_095090,1,10
20210104_091224_115088,1,10
20210104_091224_135088,1,10
20210104_091224_155092,0,5
20210104_091224_175070,1,10
20210104_091224_195089,0,10
20210104_091224_215091,1,5
20210104_091224_235095,1,5
20210104_091224_255092,0,10
20210104_091224_275096,1,5
20210104_091224_295087,0,5
20210104_091224_315087,0,10
20210104_091224_335095,0,35
20210104_091224_355087,0,50
20210104_091224_375087,0,60
20210104_091224_395088,1,80
20210104_091224_415091,1,105
20210104_091224_435103,0,130
20210104_091224_455090,0,160
20210104_091224_475090,-1,200
20210104_091224_495093,-1,235
20210104_091224_515088,-2,270
20210104_091224_535109,-1,305
20210104_091224_555090,-2,335
20210104_091224_575083,-2,370
20210104_091224_595089,-2,395
20210104_091224_615090,-1,405
20210104_091224_635082,-1,420
20210104_091224_655095,0,425
20210104_091224_675083,0,435
20210104_091224_695085,1,435
20210104_091224_715092,0,435
20210104_091224_735088,0,435
20210104_091224_755096,0,465
20210104_091224_775086,0,465
20210104_091224_795089,0,455
20210104_091224_815089,0,455
20210104_091224_835092,0,455
20210104_091224_855088,0,460
20210104_091224_875090,-1,460
20210104_091224_895091,0,460
20210104_091224_915083,0,470
20210104_091224_935090,-1,480
20210104_091224_955092,0,475
20210104_091224_975089,-1,480
20210104_091224_995097,-1,480
20210104_091225_015111,0,485
20210104_091225_035086,-1,485
20210104_091225_055089,0,485
20210104_091225_075090,0,485
20210104_091225_095089,0,485
20210104_091225_115093,0,485
20210104_091225_135148,0,485
20210104_091225_155092,-1,485
20210104_091225_175115,0,485
20210104_091225_195111,0,485
20210104_091225_215111,0,480
20210104_091225_235118,0,480
20210104_091225_255116,0,480
20210104_091225_275093,0,480
20210104_091225_295111,1,480
20210104_091225_315093,0,480
20210104_091225_335108,0,480
20210104_091225_355113,0,490
20210104_091225_375121,0,490
20210104_091225_395116,1,490
20210104_091225_415114,0,490
20210104_091225_435115,0,490
20210104_091225_455112,0,490
20210104_091225_475115,0,490
20210104_091225_495112,0,490
20210104_091225_515111,0,490
20210104_091225_535099,0,490
20210104_091225_555115,0,490
20210104_091225_575108,0,490
20210104_091225_595113,0,490
20210104_091225_615115,-1,490
20210104_091225_635116,0,490
20210104_091225_655115,0,490
20210104_091225_675120,0,490
20210104_091225_695111,0,490
20210104_091225_715123,0,490
20210104_091225_735112,0,500
20210104_091225_755114,0,520
20210104_091225_775118,0,540
20210104_091225_795134,-1,560
20210104_091225_815115,0,585
20210104_091225_835115,0,605
20210104_091225_855109,0,640
20210104_091225_875117,1,675
20210104_091225_895143,0,705
20210104_091225_915118,0,735
20210104_091225_935123,0,745
20210104_091225_955116,1,765
20210104_091225_975117,-1,775
20210104_091225_995113,1,780
20210104_091226_015112,0,785
20210104_091226_035137,1,790
20210104_091226_055126,1,790
20210104_091226_075113,0,790
20210104_091226_095117,0,790
20210104_091226_115113,0,780
20210104_091226_135129,0,780
20210104_091226_155116,0,785
20210104_091226_175116,-1,775
20210104_091226_195166,-1,770
20210104_091226_215128,0,770
20210104_091226_235117,-1,770
20210104_091226_255117,0,770
20210104_091226_275112,-1,770
20210104_091226_295113,0,775
20210104_091226_315117,0,775
20210104_091226_335115,-1,780
20210104_091226_355109,0,780
20210104_091226_375117,0,780
20210104_091226_395116,0,780
20210104_091226_415115,0,780
20210104_091226_435114,0,780
20210104_091226_455118,-1,780
20210104_091226_475119,0,780
20210104_091226_495119,1,780
20210104_091226_515136,0,780
20210104_091226_535158,0,780
20210104_091226_555117,0,780
20210104_091226_575125,0,780
20210104_091226_595136,1,780
20210104_091226_615139,0,780
20210104_091226_635160,0,780
20210104_091226_655140,0,780
20210104_091226_675118,0,780
20210104_091226_695137,0,780
20210104_091226_715140,-1,780
20210104_091226_735157,0,780
20210104_091226_755137,-1,780
20210104_091226_775123,-1,780
20210104_091226_795139,0,780
20210104_091226_815141,0,780
20210104_091226_835118,0,780
20210104_091226_855137,0,780
20210104_091226_875136,0,780
20210104_091226_895140,0,780
20210104_091226_915140,0,780
20210104_091226_935156,1,780
20210104_091226_955140,1,780
20210104_091226_975186,0,780
20210104_091226_995140,1,780
20210104_091227_015136,0,780
20210104_091227_035161,0,780
20210104_091227_055139,0,780
20210104_091227_075137,1,780
20210104_091227_095136,0,780
20210104_091227_115135,0,780
20210104_091227_135153,0,780
20210104_091227_155137,0,780
20210104_091227_175137,0,780
20210104_091227_195174,0,780
20210104_091227_215148,0,780
20210104_091227_235155,0,780
20210104_091227_255146,0,780
20210104_091227_275136,0,780
20210104_091227_295134,0,780
20210104_091227_315141,0,780
20210104_091227_335163,0,780
20210104_091227_355142,0,780
20210104_091227_375141,0,780
20210104_091227_395175,0,780
20210104_091227_415136,0,780
20210104_091227_435183,0,780
20210104_091227_455138,0,780
20210104_091227_475163,1,780
20210104_091227_495180,0,780
20210104_091227_515142,0,780
20210104_091227_535161,0,780
20210104_091227_555148,1,780
20210104_091227_575143,1,780
20210104_091227_595133,1,780
20210104_091227_615134,0,780
20210104_091227_635166,0,785
20210104_091227_655140,0,785
20210104_091227_675138,0,780
20210104_091227_695178,0,780
20210104_091227_715139,0,780
20210104_091227_735139,-1,780
20210104_091227_755153,-1,780
20210104_091227_775144,0,780
20210104_091227_795134,0,780
20210104_091227_815144,-1,780
20210104_091227_835144,-1,780
20210104_091227_855141,0,780
20210104_091227_875139,0,780
20210104_091227_895183,0,780
20210104_091227_915191,0,780
20210104_091227_935178,0,775
20210104_091227_955192,2,780
20210104_091227_975160,7,780
20210104_091227_995175,7,780
20210104_091228_015186,8,785
20210104_091228_035183,10,785
20210104_091228_055189,9,790
20210104_091228_075194,8,785
20210104_091228_095176,10,785
20210104_091228_115186,10,785
20210104_091228_135183,10,785
20210104_091228_155190,10,780
20210104_091228_175196,8,780
20210104_091228_195172,9,780
20210104_091228_215195,8,780
20210104_091228_235181,6,780
20210104_091228_255196,7,780
20210104_091228_275194,6,780
20210104_091228_295180,7,780
20210104_091228_315190,6,785
20210104_091228_335181,7,775
20210104_091228_355189,8,760
20210104_091228_375163,16,760
20210104_091228_395178,28,775
20210104_091228_415188,35,780
20210104_091228_435178,38,775
20210104_091228_455196,41,775
20210104_091228_475201,41,785
20210104_091228_495185,42,785
20210104_091228_515196,41,790
20210104_091228_535183,41,790
20210104_091228_555190,39,790
20210104_091228_575163,38,790
20210104_091228_595178,38,790
20210104_091228_615193,36,790
20210104_091228_635177,35,785
20210104_091228_655189,35,785
20210104_091228_675169,35,780
20210104_091228_695179,33,780
20210104_091228_715197,33,785
20210104_091228_735184,33,785
20210104_091228_755189,35,785
20210104_091228_775164,35,785
20210104_091228_795187,34,785
20210104_091228_815164,34,785
20210104_091228_835178,35,785
20210104_091228_855191,34,785
20210104_091228_875159,35,785
20210104_091228_895181,36,785
20210104_091228_915219,36,790
20210104_091228_935181,35,790
20210104_091228_955191,35,790
20210104_091228_975163,34,790
20210104_091228_995182,35,790
20210104_091229_015191,33,790
20210104_091229_035182,33,790
20210104_091229_055171,33,790
20210104_091229_075164,33,790
20210104_091229_095174,33,790
20210104_091229_115195,33,790
20210104_091229_135188,33,790
20210104_091229_155192,33,785
20210104_091229_175188,33,785
20210104_091229_195186,33,785
20210104_091229_215191,69,785
20210104_091229_235189,35,785
20210104_091229_255198,35,785
20210104_091229_275190,34,790
20210104_091229_295186,35,790
20210104_091229_315188,35,790
20210104_091229_335195,35,795
20210104_091229_355192,35,790
20210104_091229_375168,34,790
20210104_091229_395185,35,790
20210104_091229_415192,35,790
20210104_091229_435179,33,790
20210104_091229_455192,35,790
20210104_091229_475209,35,790
20210104_091229_495190,33,790
20210104_091229_515191,33,790
20210104_091229_535184,33,790
20210104_091229_555192,32,770
20210104_091229_575213,26,765
20210104_091229_595192,14,765
20210104_091229_615191,4,775
20210104_091229_635190,-8,785
20210104_091229_655196,-10,780
20210104_091229_675217,-10,785
20210104_091229_695188,-11,785
20210104_091229_715195,-11,785
20210104_091229_735186,-8,785
20210104_091229_755190,-7,790
20210104_091229_775213,-5,790
20210104_091229_795193,-4,790
20210104_091229_815196,-1,790
20210104_091229_835190,0,790
20210104_091229_855198,1,795
20210104_091229_875210,1,795
20210104_091229_895188,2,795
20210104_091229_915190,2,795
20210104_091229_935194,3,790
20210104_091229_955193,3,795
20210104_091229_975216,2,795
20210104_091229_995192,2,785
20210104_091230_015194,2,785
20210104_091230_035189,1,785
20210104_091230_055194,1,785
20210104_091230_075207,1,785
20210104_091230_095185,0,785
20210104_091230_115187,1,785
20210104_091230_135193,0,785
20210104_091230_155197,0,790
20210104_091230_175208,1,790
20210104_091230_195192,1,790
20210104_091230_215195,1,790
20210104_091230_235186,1,790
20210104_091230_255196,1,790
20210104_091230_275210,0,790
20210104_091230_295194,1,790
20210104_091230_315199,0,790
20210104_091230_335190,1,790
20210104_091230_355192,0,790
20210104_091230_375208,0,790
20210104_091230_395198,0,790
20210104_091230_415189,0,790
20210104_091230_435193,0,790
20210104_091230_455215,0,790
20210104_091230_475214,0,790
20210104_091230_495213,0,790
20210104_091230_515207,0,790
20210104_091230_535196,0,790
20210104_091230_555208,-1,790
20210104_091230_575212,0,790
20210104_091230_595215,0,790
20210104_091230_615206,0,790
20210104_091230_635214,1,790
20210104_091230_655212,0,790
20210104_091230_675208,1,790
20210104_091230_695210,1,790
20210104_091230_715215,0,790
20210104_091230_735213,1,790
20210104_091230_755210,0,790
20210104_091230_775213,1,790
20210104_091230_795212,1,790
20210104_091230_815212,0,790
20210104_091230_835215,0,790
20210104_091230_855223,0,790
20210104_091230_875209,0,790
20210104_091230_895213,0,790
20210104_091230_915217,0,790
20210104_091230_935214,0,790
20210104_091230_955219,0,790
20210104_091230_975212,0,785
20210104_091230_995214,0,785
20210104_091231_015212,0,785
20210104_091231_035210,0,785
20210104_091231_055217,0,790
20210104_091231_075211,1,790
20210104_091231_095211,0,790
20210104_091231_115217,0,790
20210104_091231_135219,1,790
20210104_091231_155210,1,790
20210104_091231_175230,1,790
20210104_091231_195219,0,790
20210104_091231_215213,0,790
20210104_091231_235226,1,790
20210104_091231_255247,0,790
20210104_091231_275224,1,790
20210104_091231_295212,1,790
20210104_091231_315214,1,790
20210104_091231_335211,0,790
20210104_091231_355260,1,790
20210104_091231_375217,0,790
20210104_091231_395219,0,790
20210104_091231_415215,1,790
20210104_091231_435214,1,785
20210104_091231_455216,0,785
20210104_091231_475220,0,785
20210104_091231_495215,0,785
20210104_091231_515216,0,790
20210104_091231_535216,0,785
20210104_091231_555219,0,790
20210104_091231_575211,0,790
20210104_091231_595213,0,790
20210104_091231_615211,-1,790
20210104_091231_635219,0,790
20210104_091231_655216,0,790
20210104_091231_675238,0,790
20210104_091231_695217,0,790
20210104_091231_715214,2,790
20210104_091231_735212,1,785
20210104_091231_755210,0,785
20210104_091231_775242,1,785
20210104_091231_795234,0,790
20210104_091231_815240,0,790
20210104_091231_835238,2,790
20210104_091231_855220,1,785
20210104_091231_875218,1,785
20210104_091231_895240,0,785
20210104_091231_915236,0,790
20210104_091231_935240,0,790
20210104_091231_955240,0,785
20210104_091231_975235,0,785
20210104_091231_995236,-1,785
20210104_091232_015222,0,785
20210104_091232_035241,-1,790
20210104_091232_055223,-1,785
20210104_091232_075237,0,790
20210104_091232_095242,0,790
20210104_091232_115216,0,790
20210104_091232_135237,-1,780
20210104_091232_155241,4,770
20210104_091232_175241,13,765
20210104_091232_195237,23,765
20210104_091232_215225,33,775
20210104_091232_235242,38,775
20210104_091232_255239,42,775
20210104_091232_275297,44,775
20210104_091232_295237,43,780
20210104_091232_315235,42,785
20210104_091232_335243,41,785
20210104_091232_355236,39,785
20210104_091232_375290,38,790
20210104_091232_395237,38,790
20210104_091232_415241,35,790
20210104_091232_435237,36,790
20210104_091232_455241,35,790
20210104_091232_475249,35,790
20210104_091232_495235,33,790
20210104_091232_515235,33,785
20210104_091232_535238,35,785
20210104_091232_555246,69,785
20210104_091232_575239,33,785
20210104_091232_595239,35,785
20210104_091232_615246,35,785
20210104_091232_635240,35,785
20210104_091232_655241,36,785
20210104_091232_675258,36,785
20210104_091232_695247,35,785
20210104_091232_715239,35,790
20210104_091232_735248,35,795
20210104_091232_755238,36,790
20210104_091232_775241,36,790
20210104_091232_795239,36,790
20210104_091232_815236,34,790
20210104_091232_835241,33,790
20210104_091232_855237,35,790
20210104_091232_875282,35,785
20210104_091232_895234,35,785
20210104_091232_915242,35,785
20210104_091232_935243,33,785
20210104_091232_955243,33,785
20210104_091232_975255,35,785
20210104_091232_995238,35,785
20210104_091233_015240,35,785
20210104_091233_035237,35,785
20210104_091233_055236,35,785
20210104_091233_075248,35,785
20210104_091233_095243,35,785
20210104_091233_115236,35,795
20210104_091233_135258,33,790
20210104_091233_155241,33,785
20210104_091233_175263,33,785
20210104_091233_195263,33,785
20210104_091233_215263,33,785
20210104_091233_235264,33,785
20210104_091233_255246,34,785
20210104_091233_275290,33,785
20210104_091233_295263,33,785
20210104_091233_315264,35,785
20210104_091233_335261,35,785
20210104_091233_355265,33,765
20210104_091233_375256,27,765
20210104_091233_395261,13,760
20210104_091233_415244,3,775
20210104_091233_435263,-4,780
20210104_091233_455286,-7,780
20210104_091233_475260,-9,780
20210104_091233_495261,-11,785
20210104_091233_515260,-9,790
20210104_091233_535279,-8,790
20210104_091233_555259,-7,785
20210104_091233_575284,-5,790
20210104_091233_595260,-3,790
20210104_091233_615273,-1,790
20210104_091233_635283,-1,790
20210104_091233_655262,0,790
20210104_091233_675279,2,790
20210104_091233_695251,1,790
20210104_091233_715258,1,790
20210104_091233_735276,1,790
20210104_091233_755258,1,790
20210104_091233_775283,1,790
20210104_091233_795261,1,790
20210104_091233_815263,0,790
20210104_091233_835280,0,790
20210104_091233_855266,-1,790
20210104_091233_875261,-1,790
20210104_091233_895268,0,780
20210104_091233_915267,0,785
20210104_091233_935259,0,790
20210104_091233_955266,-1,790
20210104_091233_975275,0,790
20210104_091233_995261,0,790
20210104_091234_015261,1,790
20210104_091234_035262,1,790
20210104_091234_055272,0,790
20210104_091234_075281,0,790
20210104_091234_095262,0,790
20210104_091234_115268,1,790
20210104_091234_135273,1,790
20210104_091234_155261,0,785
20210104_091234_175268,0,785
20210104_091234_195279,0,785
20210104_091234_215267,0,785
20210104_091234_235287,0,780
20210104_091234_255274,0,780
20210104_091234_275262,0,785
20210104_091234_295258,-1,790
20210104_091234_315264,0,790
20210104_091234_335265,0,790
20210104_091234_355273,0,790
20210104_091234_375294,0,790
20210104_091234_395264,-1,790
20210104_091234_415266,0,790
20210104_091234_435267,0,790
20210104_091234_455263,0,790
20210104_091234_475263,1,790
20210104_091234_495303,0,790
20210104_091234_515286,0,790
20210104_091234_535288,0,790
20210104_091234_555266,1,785
20210104_091234_575283,2,770
20210104_091234_595268,8,775
20210104_091234_615286,17,785
20210104_091234_635292,54,785
20210104_091234_655325,32,775
20210104_091234_675303,33,785
20210104_091234_695302,33,785
20210104_091234_715283,32,790
20210104_091234_735295,30,785
20210104_091234_755298,29,790
20210104_091234_775291,29,785
20210104_091234_795302,26,785
20210104_091234_815309,26,785
20210104_091234_835305,25,785
20210104_091234_855305,25,790
20210104_091234_875306,25,790
20210104_091234_895306,23,790
20210104_091234_915304,24,790
20210104_091234_935295,25,785
20210104_091234_955304,27,785
20210104_091234_975297,32,790
20210104_091234_995306,33,790
20210104_091235_015293,35,790
20210104_091235_035307,36,795
20210104_091235_055307,70,795
20210104_091235_075299,33,790
20210104_091235_095301,33,790
20210104_091235_115300,33,790
20210104_091235_135290,33,790
20210104_091235_155302,33,790
20210104_091235_175303,34,790
20210104_091235_195308,33,790
20210104_091235_215291,33,790
20210104_091235_235301,34,790
20210104_091235_255289,33,790
20210104_091235_275298,33,790
20210104_091235_295302,33,785
20210104_091235_315309,33,780
20210104_091235_335298,33,780
20210104_091235_355299,33,790
20210104_091235_375301,33,790
20210104_091235_395307,34,790
20210104_091235_415305,35,790
20210104_091235_435288,33,790
20210104_091235_455308,32,790
20210104_091235_475307,66,790
20210104_091235_495308,33,790
20210104_091235_515287,32,790
20210104_091235_535305,34,790
20210104_091235_555300,34,790
20210104_091235_575300,32,790
20210104_091235_595303,34,790
20210104_091235_615291,33,790
20210104_091235_635285,33,790
20210104_091235_655305,33,790
20210104_091235_675302,33,790
20210104_091235_695299,33,790
20210104_091235_715300,34,790
20210104_091235_735302,33,790
20210104_091235_755301,33,790
20210104_091235_775311,33,790
20210104_091235_795306,35,790
20210104_091235_815314,35,790
20210104_091235_835303,34,790
20210104_091235_855323,33,795
20210104_091235_875298,35,795
20210104_091235_895326,33,795
20210104_091235_915295,33,795
20210104_091235_935316,33,790
20210104_091235_955323,33,790
20210104_091235_975300,33,790
20210104_091235_995324,33,785
20210104_091236_015311,34,785
20210104_091236_035314,33,785
20210104_091236_055327,33,785
20210104_091236_075327,33,785
20210104_091236_095316,33,785
20210104_091236_115302,32,785
20210104_091236_135318,33,785
20210104_091236_155319,33,790
20210104_091236_175329,33,790
20210104_091236_195319,33,790
20210104_091236_215320,33,790
20210104_091236_235322,33,790
20210104_091236_255316,33,785
20210104_091236_275309,33,785
20210104_091236_295298,33,785
20210104_091236_315320,33,785
20210104_091236_335313,35,785
20210104_091236_355325,35,785
20210104_091236_375320,34,785
20210104_091236_395320,35,785
20210104_091236_415321,35,790
20210104_091236_435317,35,790
20210104_091236_455320,35,785
20210104_091236_475322,36,785
20210104_091236_495320,35,785
20210104_091236_515325,35,785
20210104_091236_535321,33,785
20210104_091236_555321,33,785
20210104_091236_575326,34,785
20210104_091236_595311,33,785
20210104_091236_615313,35,785
20210104_091236_635320,34,795
20210104_091236_655326,36,795
20210104_091236_675310,35,795
20210104_091236_695321,35,795
20210104_091236_715324,34,795
20210104_091236_735328,35,795
20210104_091236_755318,33,795
20210104_091236_775319,34,795
20210104_091236_795315,33,790
20210104_091236_815321,33,795
20210104_091236_835312,33,795
20210104_091236_855316,33,785
20210104_091236_875322,32,785
20210104_091236_895334,33,785
20210104_091236_915315,33,785
20210104_091236_935315,34,790
20210104_091236_955323,36,795
20210104_091236_975325,34,790
20210104_091236_995315,35,785
20210104_091237_015318,35,785
20210104_091237_035317,35,785
20210104_091237_055321,35,785
20210104_091237_075311,35,785
20210104_091237_095335,34,785
20210104_091237_115341,34,785
20210104_091237_135334,34,785
20210104_091237_155322,34,785
20210104_091237_175313,33,785
20210104_091237_195316,34,785
20210104_091237_215335,33,785
20210104_091237_235335,34,785
20210104_091237_255336,34,785
20210104_091237_275337,34,785
20210104_091237_295339,34,785
20210104_091237_315338,35,785
20210104_091237_335344,34,785
20210104_091237_355335,34,785
20210104_091237_375340,34,785
20210104_091237_395337,35,785
20210104_091237_415338,35,785
20210104_091237_435338,34,785
20210104_091237_455374,35,785
20210104_091237_475335,35,790
20210104_091237_495338,34,790
20210104_091237_515335,35,790
20210104_091237_535340,34,790
20210104_091237_555337,70,785
20210104_091237_575337,34,790
20210104_091237_595341,34,790
20210104_091237_615343,34,785
20210104_091237_635340,34,785
20210104_091237_655336,34,785
20210104_091237_675336,33,785
20210104_091237_695339,34,790
20210104_091237_715347,33,785
20210104_091237_735338,35,785
20210104_091237_755341,35,785
20210104_091237_775344,34,785
20210104_091237_795335,35,785
20210104_091237_815338,35,785
20210104_091237_835346,35,785
20210104_091237_855337,35,790
20210104_091237_875344,35,795
20210104_091237_895338,34,795
20210104_091237_915358,34,795
20210104_091237_935332,33,780
20210104_091237_955342,30,765
20210104_091237_975339,38,765
20210104_091237_995340,5,770
20210104_091238_015334,-2,780
20210104_091238_035340,-8,785
20210104_091238_055339,-11,780
20210104_091238_075342,-11,780
20210104_091238_095341,-13,785
20210104_091238_115346,-11,790
20210104_091238_135340,-8,785
20210104_091238_155339,-6,785
20210104_091238_175339,-4,785
20210104_091238_195337,-2,785
20210104_091238_215349,0,790
20210104_091238_235338,1,790
20210104_091238_255344,2,790
20210104_091238_275362,3,795
20210104_091238_295332,3,790
20210104_091238_315333,2,790
20210104_091238_335332,2,790
20210104_091238_355345,2,785
20210104_091238_375335,2,785
20210104_091238_395362,0,790
20210104_091238_415338,0,790
20210104_091238_435351,0,790
20210104_091238_455363,0,785
20210104_091238_475362,0,790
20210104_091238_495364,0,790
20210104_091238_515364,0,790
20210104_091238_535342,0,790
20210104_091238_555362,0,790
20210104_091238_575339,0,790
20210104_091238_595345,0,790
20210104_091238_615364,0,790
20210104_091238_635347,0,790
20210104_091238_655362,0,790
20210104_091238_675357,0,790
20210104_091238_695365,0,790
20210104_091238_715365,0,790
20210104_091238_735365,1,790
20210104_091238_755389,2,790
20210104_091238_775362,2,790
20210104_091238_795368,2,790
20210104_091238_815367,1,790
20210104_091238_835374,0,790
20210104_091238_855364,2,790
20210104_091238_875364,1,785
20210104_091238_895367,0,790
20210104_091238_915359,0,790
20210104_091238_935367,0,790
20210104_091238_955361,1,790
20210104_091238_975352,0,790
20210104_091238_995389,0,790
20210104_091239_015374,0,790
20210104_091239_035360,0,790
20210104_091239_055366,0,790
20210104_091239_075361,0,790
20210104_091239_095359,0,790
20210104_091239_115373,0,790
20210104_091239_135364,0,780
20210104_091239_155364,5,770
20210104_091239_175349,13,765
20210104_091239_195363,23,775
20210104_091239_215367,33,780
20210104_091239_235380,41,780
20210104_091239_255380,42,780
20210104_091239_275376,44,780
20210104_091239_295369,44,785
20210104_091239_315368,44,785
20210104_091239_335360,41,790
20210104_091239_355378,41,790
20210104_091239_375369,38,785
20210104_091239_395405,38,785
20210104_091239_415364,37,790
20210104_091239_435368,36,795
20210104_091239_455361,35,790
20210104_091239_475362,33,790
20210104_091239_495373,33,790
20210104_091239_515365,33,790
20210104_091239_535357,33,790
20210104_091239_555361,33,785
20210104_091239_575359,33,785
20210104_091239_595374,33,785
20210104_091239_615406,33,785
20210104_091239_635382,34,785
20210104_091239_655387,36,785
20210104_091239_675386,36,785
20210104_091239_695374,36,785
20210104_091239_715363,36,790
20210104_091239_735381,36,795
20210104_091239_755403,36,790
20210104_091239_775429,36,790
20210104_091239_795363,36,790
20210104_091239_815366,34,790
20210104_091239_835384,33,790
20210104_091239_855384,34,790
20210104_091239_875394,34,785
20210104_091239_895385,34,785
20210104_091239_915371,34,785
20210104_091239_935389,34,785
20210104_091239_955387,35,785
20210104_091239_975384,35,785
20210104_091239_995387,34,785
20210104_091240_015414,35,785
20210104_091240_035388,34,785
20210104_091240_055380,71,790
20210104_091240_075385,36,790
20210104_091240_095384,36,790
20210104_091240_115406,36,790
20210104_091240_135394,34,790
20210104_091240_155387,34,790
20210104_091240_175389,35,790
20210104_091240_195388,35,790
20210104_091240_215411,35,790
20210104_091240_235401,34,790
20210104_091240_255384,34,790
20210104_091240_275423,34,795
20210104_091240_295392,35,790
20210104_091240_315403,35,785
20210104_091240_335383,35,785
20210104_091240_355384,34,785
20210104_091240_375389,34,790
20210104_091240_395388,35,795
20210104_091240_415404,34,785
20210104_091240_435382,35,785
20210104_091240_455392,35,785
20210104_091240_475378,69,795
20210104_091240_495394,34,790
20210104_091240_515411,35,790
20210104_091240_535386,34,790
20210104_091240_555408,34,795
20210104_091240_575394,33,795
20210104_091240_595383,33,790
20210104_091240_615411,32,790
20210104_091240_635412,33,790
20210104_091240_655385,33,790
20210104_091240_675384,33,790
20210104_091240_695389,32,790
20210104_091240_715413,31,790
20210104_091240_735396,32,790
20210104_091240_755391,33,790
20210104_091240_775388,33,790
20210104_091240_795389,33,790
20210104_091240_815388,33,790
20210104_091240_835391,34,790
20210104_091240_855390,33,790
20210104_091240_875394,33,790
20210104_091240_895391,67,790
20210104_091240_915389,33,790
20210104_091240_935390,32,790
20210104_091240_955398,34,790
20210104_091240_975388,35,790
20210104_091240_995400,34,790
20210104_091241_015382,34,790
20210104_091241_035388,34,790
20210104_091241_055391,34,790
20210104_091241_075432,34,790
20210104_091241_095392,34,790
20210104_091241_115422,33,790
20210104_091241_135447,34,790
20210104_091241_155440,34,785
20210104_091241_175423,33,785
20210104_091241_195413,35,785
20210104_091241_215428,35,785
20210104_091241_235450,35,785
20210104_091241_255443,35,785
20210104_091241_275423,36,785
20210104_091241_295441,35,785
20210104_091241_315425,35,785
20210104_091241_335415,35,785
20210104_091241_355442,35,785
20210104_091241_375427,35,785
20210104_091241_395410,34,785
20210104_091241_415433,35,785
20210104_091241_435442,35,790
20210104_091241_455436,35,790
20210104_091241_475432,34,790
20210104_091241_495443,33,785
20210104_091241_515439,33,785
20210104_091241_535418,33,790
20210104_091241_555440,33,785
20210104_091241_575433,33,785
20210104_091241_595414,33,785
20210104_091241_615425,34,785
20210104_091241_635410,33,785
20210104_091241_655444,35,790
20210104_091241_675430,35,785
20210104_091241_695446,35,785
20210104_091241_715432,35,785
20210104_091241_735441,35,790
20210104_091241_755445,33,780
20210104_091241_775430,28,775
20210104_091241_795441,19,765
20210104_091241_815429,7,775
20210104_091241_835445,-1,780
20210104_091241_855442,-7,785
20210104_091241_875440,-8,785
20210104_091241_895447,-8,785
20210104_091241_915433,-10,785
20210104_091241_935415,-10,785
20210104_091241_955442,-10,790
20210104_091241_975424,-8,790
20210104_091241_995445,-4,790
20210104_091242_015421,-2,790
20210104_091242_035442,-1,790
20210104_091242_055441,-2,790
20210104_091242_075432,0,795
20210104_091242_095441,1,795
20210104_091242_115424,2,795
20210104_091242_135447,1,795
20210104_091242_155443,2,800
20210104_091242_175434,1,800
20210104_091242_195415,1,795
20210104_091242_215426,1,795
20210104_091242_235439,1,795
20210104_091242_255447,1,795
20210104_091242_275433,0,795
20210104_091242_295439,0,795
20210104_091242_315423,0,795
20210104_091242_335444,0,795
20210104_091242_355440,0,795
20210104_091242_375442,1,795
20210104_091242_395450,0,790
20210104_091242_415427,0,790
20210104_091242_435441,0,790
20210104_091242_455445,0,790
20210104_091242_475434,0,790
20210104_091242_495452,1,790
20210104_091242_515514,0,790
20210104_091242_535441,-1,790
20210104_091242_555447,1,790
20210104_091242_575511,1,790
20210104_091242_595440,0,790
20210104_091242_615510,0,790
20210104_091242_635510,1,790
20210104_091242_655477,1,790
20210104_091242_675510,1,790
20210104_091242_695464,0,790
20210104_091242_715438,1,795
20210104_091242_735465,0,795
20210104_091242_755463,1,790
20210104_091242_775437,1,790
20210104_091242_795439,0,790
20210104_091242_815510,0,790
20210104_091242_835442,0,790
20210104_091242_855513,0,790
20210104_091242_875514,1,790
20210104_091242_895463,0,790
20210104_091242_915507,-1,790
20210104_091242_935515,0,790
20210104_091242_955508,-1,790
20210104_091242_975513,0,790
20210104_091242_995445,0,790
20210104_091243_015435,-1,790
20210104_091243_035440,0,795
20210104_091243_055440,-1,795
20210104_091243_075431,0,795
20210104_091243_095436,0,795
20210104_091243_115433,0,795
20210104_091243_135515,0,790
20210104_091243_155459,1,795
20210104_091243_175509,0,795
20210104_091243_195439,0,795
20210104_091243_215440,1,795
20210104_091243_235441,0,795
20210104_091243_255468,1,800
20210104_091243_275513,0,800
20210104_091243_295510,1,800
20210104_091243_315519,0,795
20210104_091243_335442,0,795
20210104_091243_355511,0,795
20210104_091243_375440,0,795
20210104_091243_395508,0,795
20210104_091243_415437,-1,795
20210104_091243_435516,0,795
20210104_091243_455465,-1,790
20210104_091243_475516,-1,790
20210104_091243_495441,0,795
20210104_091243_515517,0,790
20210104_091243_535441,0,790
20210104_091243_555513,0,790
20210104_091243_575511,-1,790
20210104_091243_595439,1,790
20210104_091243_615518,0,790
20210104_091243_635513,0,790
20210104_091243_655513,1,790
20210104_091243_675512,1,790
20210104_091243_695438,1,790
20210104_091243_715511,0,790
20210104_091243_735507,1,790
20210104_091243_755513,0,795
20210104_091243_775508,0,795
20210104_091243_795509,0,795
20210104_091243_815511,0,795
20210104_091243_835514,0,795
20210104_091243_855510,0,795
20210104_091243_875516,0,795
20210104_091243_895515,0,795
20210104_091243_915513,0,790
20210104_091243_935514,0,790
20210104_091243_955512,0,790
20210104_091243_975514,-1,790
20210104_091243_995512,0,790
20210104_091244_015505,0,790
20210104_091244_035508,0,790
20210104_091244_055515,0,790
20210104_091244_075507,-1,790
20210104_091244_095512,1,790
20210104_091244_115513,0,790
20210104_091244_135516,0,790
20210104_091244_155535,0,790
20210104_091244_175512,0,795
20210104_091244_195513,1,795
20210104_091244_215511,1,790
20210104_091244_235514,0,790
20210104_091244_255510,1,790
20210104_091244_275515,0,790
20210104_091244_295514,1,790
20210104_091244_315506,1,790
20210104_091244_335509,0,795
20210104_091244_355509,1,795
20210104_091244_375516,1,795
20210104_091244_395514,1,795
20210104_091244_415511,0,795
20210104_091244_435513,0,795
20210104_091244_455511,0,795
20210104_091244_475526,0,795
20210104_091244_495511,0,795
20210104_091244_515515,0,795
20210104_091244_535515,-1,790
20210104_091244_555515,-1,785
20210104_091244_575512,1,780
20210104_091244_595510,7,775
20210104_091244_615514,17,775
20210104_091244_635508,27,785
20210104_091244_655515,38,785
20210104_091244_675509,41,780
20210104_091244_695511,44,785
20210104_091244_715511,44,785
20210104_091244_735516,43,795
20210104_091244_755510,42,800
20210104_091244_775509,41,795
20210104_091244_795511,39,800
20210104_091244_815513,38,800
20210104_091244_835516,37,800
20210104_091244_855512,36,800
20210104_091244_875509,35,795
20210104_091244_895509,33,795
20210104_091244_915512,33,795
20210104_091244_935512,32,795
20210104_091244_955520,32,795
20210104_091244_975509,32,795
20210104_091244_995510,34,795
20210104_091245_015508,33,795
20210104_091245_035510,35,795
20210104_091245_055514,67,795
20210104_091245_075509,35,795
20210104_091245_095512,34,795
20210104_091245_115509,36,795
20210104_091245_135512,35,795
20210104_091245_155514,33,795
20210104_091245_175513,35,795
20210104_091245_195508,34,795
20210104_091245_215509,35,795
20210104_091245_235510,35,795
20210104_091245_255514,35,795
20210104_091245_275517,33,795
20210104_091245_295511,35,795
20210104_091245_315512,35,795
20210104_091245_335510,34,795
20210104_091245_355513,35,790
20210104_091245_375511,32,775
20210104_091245_395514,26,775
20210104_091245_415505,17,770
20210104_091245_435509,7,785
20210104_091245_455516,-2,790
20210104_091245_475515,-20,780
20210104_091245_495514,-10,785
20210104_091245_515507,-10,790
20210104_091245_535510,-10,785
20210104_091245_555509,-10,790
20210104_091245_575511,-9,790
20210104_091245_595531,-4,790
20210104_091245_615549,-4,790
20210104_091245_635510,-1,790
20210104_091245_655511,-1,795
20210104_091245_675510,0,800
20210104_091245_695512,1,795
20210104_091245_715510,2,795
20210104_091245_735509,2,795
20210104_091245_755547,1,800
20210104_091245_775540,2,800
20210104_091245_795535,2,795
20210104_091245_815511,2,795
20210104_091245_835512,1,795
20210104_091245_855531,1,795
20210104_091245_875510,1,790
20210104_091245_895509,1,790
20210104_091245_915516,1,790
20210104_091245_935509,0,790
20210104_091245_955537,1,790
20210104_091245_975518,0,790
20210104_091245_995510,1,790
20210104_091246_015512,1,790
20210104_091246_035510,0,795
20210104_091246_055531,0,790
20210104_091246_075508,0,790
20210104_091246_095512,0,790
20210104_091246_115519,1,795
20210104_091246_135516,0,795
20210104_091246_155534,0,795
20210104_091246_175515,0,795
20210104_091246_195514,-1,795
20210104_091246_215511,0,800
20210104_091246_235509,-1,800
20210104_091246_255531,0,790
20210104_091246_275512,0,790
20210104_091246_295516,0,790
20210104_091246_315510,-1,790
20210104_091246_335512,1,790
20210104_091246_355531,0,790
20210104_091246_375513,1,790
20210104_091246_395515,0,790
20210104_091246_415513,1,790
20210104_091246_435511,0,790
20210104_091246_455535,0,790
20210104_091246_475511,1,790
20210104_091246_495517,1,790
20210104_091246_515518,0,790
20210104_091246_535512,1,790
20210104_091246_555537,1,790
20210104_091246_575515,0,790
20210104_091246_595512,1,795
20210104_091246_615512,1,795
20210104_091246_635512,1,790
20210104_091246_655535,0,790
20210104_091246_675511,1,790
20210104_091246_695513,0,795
20210104_091246_715513,-1,795
20210104_091246_735511,1,795
20210104_091246_755533,0,795
20210104_091246_775513,0,795
20210104_091246_795512,0,795
20210104_091246_815514,0,795
20210104_091246_835512,0,790
20210104_091246_855530,0,790
20210104_091246_875514,1,790
20210104_091246_895510,0,790
20210104_091246_915512,0,790
20210104_091246_935516,0,790
20210104_091246_955534,0,790
20210104_091246_975509,1,790
20210104_091246_995514,0,790
20210104_091247_015510,1,790
20210104_091247_035510,1,790
20210104_091247_055539,0,790
20210104_091247_075511,1,790
20210104_091247_095508,0,795
20210104_091247_115512,0,795
20210104_091247_135511,0,795
20210104_091247_155531,1,795
20210104_091247_175511,0,795
20210104_091247_195509,0,795
20210104_091247_215513,0,790
20210104_091247_235513,0,790
20210104_091247_255532,0,790
20210104_091247_275515,-1,790
20210104_091247_295514,-1,795
20210104_091247_315509,0,795
20210104_091247_335512,0,775
20210104_091247_355512,0,720
20210104_091247_375511,1,700
20210104_091247_395518,1,670
20210104_091247_415515,0,630
20210104_091247_435515,0,585
20210104_091247_455514,0,540
20210104_091247_475509,-1,475
20210104_091247_495511,-1,415
20210104_091247_515511,0,350
20210104_091247_535513,0,290
20210104_091247_555520,1,240
20210104_091247_575511,3,195
20210104_091247_595514,2,165
20210104_091247_615507,8,145
20210104_091247_635512,11,115
20210104_091247_655512,14,90
20210104_091247_675517,19,65
20210104_091247_695514,22,45
20210104_091247_715547,26,30
20210104_091247_735569,29,20
20210104_091247_755556,32,5
20210104_091247_775563,35,10
20210104_091247_795539,39,5
20210104_091247_815553,47,5
20210104_091247_835533,54,10
20210104_091247_855570,61,10
20210104_091247_875571,64,10
20210104_091247_895570,66,15
20210104_091247_915558,67,15
20210104_091247_935535,65,10
20210104_091247_955556,64,15
20210104_091247_975570,123,15
20210104_091247_995534,57,15
20210104_091248_015563,54,15
20210104_091248_035538,52,15
20210104_091248_055564,51,10
20210104_091248_075569,50,10
20210104_091248_095569,50,15
20210104_091248_115551,49,10
20210104_091248_135568,48,10
20210104_091248_155551,48,10
20210104_091248_175559,49,15
20210104_091248_195568,50,10
20210104_091248_215548,50,10
20210104_091248_235569,51,10
20210104_091248_255557,51,5
20210104_091248_275562,52,5
20210104_091248_295561,54,5
20210104_091248_315554,53,5
20210104_091248_335566,54,5
20210104_091248_355556,54,10
20210104_091248_375562,55,10
20210104_091248_395568,108,5
20210104_091248_415557,54,5
20210104_091248_435537,53,5
20210104_091248_455546,54,5
20210104_091248_475570,52,5
20210104_091248_495543,54,5
20210104_091248_515553,52,10
20210104_091248_535535,52,10
20210104_091248_555552,52,10
20210104_091248_575566,52,10
20210104_091248_595543,53,10
20210104_091248_615558,54,5
20210104_091248_635535,52,5
20210104_091248_655549,52,5
20210104_091248_675566,54,5
20210104_091248_695565,54,5
20210104_091248_715547,52,5
20210104_091248_735565,54,5
20210104_091248_755546,53,5
20210104_091248_775572,54,5
20210104_091248_795543,53,5
20210104_091248_815560,107,5
20210104_091248_835568,53,5
20210104_091248_855552,54,5
20210104_091248_875537,52,5
20210104_091248_895538,54,5
20210104_091248_915549,54,5
20210104_091248_935571,53,5
20210104_091248_955557,54,5
20210104_091248_975572,54,5
20210104_091248_995553,54,5
20210104_091249_015564,54,5
20210104_091249_035584,54,5
20210104_091249_055566,54,5
20210104_091249_075560,54,5
20210104_091249_095588,53,5
20210104_091249_115569,53,5
20210104_091249_135570,54,5
20210104_091249_155564,55,5
20210104_091249_175566,55,5
20210104_091249_195593,54,5
20210104_091249_215566,55,5
20210104_091249_235563,54,5
20210104_091249_255564,55,5
20210104_091249_275566,55,5
20210104_091249_295588,54,5
20210104_091249_315559,54,5
20210104_091249_335584,54,5
20210104_091249_355562,53,5
20210104_091249_375566,54,5
20210104_091249_395581,54,5
20210104_091249_415561,54,5
20210104_091249_435565,54,5
20210104_091249_455558,54,5
20210104_091249_475566,54,5
20210104_091249_495568,54,5
20210104_091249_515563,53,5
20210104_091249_535639,54,5
20210104_091249_555563,54,5
20210104_091249_575566,54,5
20210104_091249_595569,55,5
20210104_091249_615564,55,5
20210104_091249_635570,55,5
20210104_091249_655559,54,5
20210104_091249_675564,55,5
20210104_091249_695566,54,5
20210104_091249_715560,55,5
20210104_091249_735596,54,5
20210104_091249_755570,55,5
20210104_091249_775559,54,5
20210104_091249_795583,55,5
20210104_091249_815560,54,5
20210104_091249_835567,55,5
20210104_091249_855559,54,5
20210104_091249_875571,55,5
20210104_091249_895659,53,5
20210104_091249_915565,54,5
20210104_091249_935569,54,5
20210104_091249_955563,55,5
20210104_091249_975570,55,5
20210104_091249_995592,54,5
20210104_091250_015559,55,5
20210104_091250_035561,54,5
20210104_091250_055579,54,5
20210104_091250_075565,54,5
20210104_091250_095583,54,5
20210104_091250_115562,54,5
20210104_091250_135559,54,5
20210104_091250_155561,51,5
20210104_091250_175570,42,5
20210104_091250_195567,30,5
20210104_091250_215559,14,0
20210104_091250_235566,-1,-5
20210104_091250_255560,-11,0
20210104_091250_275572,-9,5
20210104_091250_295591,-10,0
20210104_091250_315569,-9,5
20210104_091250_335589,-7,5
20210104_091250_355586,-3,5
20210104_091250_375589,-1,0
20210104_091250_395587,0,5
20210104_091250_415588,0,35
20210104_091250_435587,1,45
20210104_091250_455586,1,65
20210104_091250_475587,4,80
20210104_091250_495592,1,100
20210104_091250_515589,2,130
20210104_091250_535582,1,160
20210104_091250_555595,2,190
20210104_091250_575586,3,225
20210104_091250_595606,4,255
20210104_091250_615586,4,295
20210104_091250_635587,5,330
20210104_091250_655590,4,360
20210104_091250_675587,4,390
20210104_091250_695587,3,430
20210104_091250_715583,2,460
20210104_091250_735588,2,490
20210104_091250_755588,2,520
20210104_091250_775595,1,550
20210104_091250_795590,1,580
20210104_091250_815586,2,610
20210104_091250_835610,2,640
20210104_091250_855585,2,665
20210104_091250_875584,2,695
20210104_091250_895587,5,725
20210104_091250_915588,2,755
20210104_091250_935582,3,780
20210104_091250_955589,3,785
20210104_091250_975584,2,800
20210104_091250_995588,2,805
20210104_091251_015587,1,815
20210104_091251_035604,1,820
20210104_091251_055584,2,825
20210104_091251_075598,0,825
20210104_091251_095582,0,820
20210104_091251_115588,0,815
20210104_091251_135588,0,815
20210104_091251_155587,0,810
20210104_091251_175583,-1,805
20210104_091251_195594,0,805
20210104_091251_215589,-1,805
20210104_091251_235590,-1,800
20210104_091251_255587,-1,800
20210104_091251_275587,0,800
20210104_091251_295587,0,800
20210104_091251_315586,0,800
20210104_091251_335586,1,805
20210104_091251_355590,1,805
20210104_091251_375584,0,810
20210104_091251_395588,1,810
20210104_091251_415600,0,810
20210104_091251_435589,0,810
20210104_091251_455591,1,810
20210104_091251_475587,0,810
20210104_091251_495605,0,810
20210104_091251_515584,0,810
20210104_091251_535581,0,805
20210104_091251_555587,-1,790
20210104_091251_575581,-10,790
20210104_091251_595586,-19,795
20210104_091251_615584,-27,805
20210104_091251_635587,-33,800
20210104_091251_655586,-39,800
20210104_091251_675613,-41,800
20210104_091251_695609,-42,805
20210104_091251_715608,-40,805
20210104_091251_735611,-39,800
20210104_091251_755610,-38,805
20210104_091251_775610,-36,805
20210104_091251_795613,-32,805
20210104_091251_815614,-30,805
20210104_091251_835611,-30,805
20210104_091251_855612,-29,805
20210104_091251_875615,-27,810
20210104_091251_895615,-28,810
20210104_091251_915610,-27,805
20210104_091251_935611,-27,805
20210104_091251_955612,-28,800
20210104_091251_975610,-30,805
20210104_091251_995613,-33,805
20210104_091252_015615,-35,805
20210104_091252_035612,-35,810
20210104_091252_055622,-35,810
20210104_091252_075609,-36,810
20210104_091252_095614,-36,810
20210104_091252_115607,-37,810
20210104_091252_135608,-37,805
20210104_091252_155611,-38,805
20210104_091252_175613,-36,805
20210104_091252_195613,-35,800
20210104_091252_215607,-36,800
20210104_091252_235613,-35,800
20210104_091252_255614,-35,800
20210104_091252_275609,-33,800
20210104_091252_295610,-33,800
20210104_091252_315620,-33,800
20210104_091252_335615,-35,795
20210104_091252_355613,-32,785
20210104_091252_375612,-23,780
20210104_091252_395608,-13,780
20210104_091252_415610,-4,790
20210104_091252_435619,2,790
20210104_091252_455609,7,790
20210104_091252_475614,10,795
20210104_091252_495614,13,800
20210104_091252_515612,11,805
20210104_091252_535612,11,805
20210104_091252_555614,8,805
20210104_091252_575610,7,810
20210104_091252_595608,4,810
20210104_091252_615611,4,810
20210104_091252_635608,3,810
20210104_091252_655613,1,810
20210104_091252_675611,0,810
20210104_091252_695613,-1,810
20210104_091252_715613,-1,815
20210104_091252_735615,-1,815
20210104_091252_755613,-1,815
20210104_091252_775613,-1,815
20210104_091252_795612,-2,810
20210104_091252_815613,-2,810
20210104_091252_835613,-1,805
20210104_091252_855614,0,805
20210104_091252_875616,-1,805
20210104_091252_895612,0,805
20210104_091252_915614,0,805
20210104_091252_935616,0,805
20210104_091252_955615,0,810
20210104_091252_975612,1,810
20210104_091252_995657,1,810
20210104_091253_015638,1,810
20210104_091253_035637,1,810
20210104_091253_055642,1,810
20210104_091253_075639,0,810
20210104_091253_095658,0,810
20210104_091253_115635,0,810
20210104_091253_135641,1,810
20210104_091253_155635,0,810
20210104_091253_175637,0,810
20210104_091253_195657,1,810
20210104_091253_215635,0,810
20210104_091253_235635,0,810
20210104_091253_255634,0,810
20210104_091253_275640,0,810
20210104_091253_295658,0,810
20210104_091253_315635,0,805
20210104_091253_335637,0,810
20210104_091253_355670,0,810
20210104_091253_375635,0,810
20210104_091253_395652,1,810
20210104_091253_415639,0,810
20210104_091253_435641,0,810
20210104_091253_455636,0,810
20210104_091253_475633,1,810
20210104_091253_495656,1,810
20210104_091253_515638,0,810
20210104_091253_535634,0,810
20210104_091253_555630,1,810
20210104_091253_575634,1,810
20210104_091253_595654,1,810
20210104_091253_615636,0,810
20210104_091253_635633,-1,810
20210104_091253_655633,-1,810
20210104_091253_675641,0,810
20210104_091253_695659,0,810
20210104_091253_715640,0,810
20210104_091253_735642,0,810
20210104_091253_755632,0,810
20210104_091253_775640,0,810
20210104_091253_795652,0,810
20210104_091253_815638,0,810
20210104_091253_835637,1,810
20210104_091253_855631,1,810
20210104_091253_875642,0,810
20210104_091253_895640,0,810
20210104_091253_915634,0,805
20210104_091253_935635,3,790
20210104_091253_955633,10,810
20210104_091253_975636,16,800
20210104_091253_995635,17,805
20210104_091254_015637,19,805
20210104_091254_035660,20,810
20210104_091254_055635,18,815
20210104_091254_075642,21,815
20210104_091254_095645,17,820
20210104_091254_115634,17,815
20210104_091254_135639,18,815
20210104_091254_155634,15,815
20210104_091254_175641,17,805
20210104_091254_195632,14,805
20210104_091254_215641,14,805
20210104_091254_235639,14,805
20210104_091254_255636,13,805
20210104_091254_275640,14,810
20210104_091254_295684,14,810
20210104_091254_315636,14,805
20210104_091254_335664,10,790
20210104_091254_355682,4,805
20210104_091254_375685,0,805
20210104_091254_395698,-3,810
20210104_091254_415691,-4,810
20210104_091254_435708,-4,810
20210104_091254_455687,-5,815
20210104_091254_475704,-7,815
20210104_091254_495687,-7,815
20210104_091254_515721,-4,815
20210104_091254_535684,-2,810
20210104_091254_555681,-1,810
20210104_091254_575681,-1,805
20210104_091254_595676,-1,805
20210104_091254_615694,1,805
20210104_091254_635689,1,805
20210104_091254_655673,1,805
20210104_091254_675693,1,810
20210104_091254_695689,0,810
20210104_091254_715686,1,810
20210104_091254_735662,1,810
20210104_091254_755678,0,810
20210104_091254_775696,1,810
20210104_091254_795677,0,810
20210104_091254_815693,0,810
20210104_091254_835663,0,810
20210104_091254_855676,0,810
20210104_091254_875687,-1,810
20210104_091254_895673,-1,810
20210104_091254_915689,0,810
20210104_091254_935695,-1,810
20210104_091254_955674,-1,815
20210104_091254_975695,-1,815
20210104_091254_995675,-1,815
20210104_091255_015691,-2,815
20210104_091255_035696,-1,810
20210104_091255_055676,-1,810
20210104_091255_075688,0,810
20210104_091255_095672,0,815
20210104_091255_115689,0,815
20210104_091255_135694,0,810
20210104_091255_155673,0,800
20210104_091255_175711,5,795
20210104_091255_195676,16,785
20210104_091255_215690,25,795
20210104_091255_235693,33,805
20210104_091255_255677,40,800
20210104_091255_275692,42,800
20210104_091255_295673,43,800
20210104_091255_315689,43,800
20210104_091255_335692,43,805
20210104_091255_355683,41,805
20210104_091255_375695,38,810
20210104_091255_395676,38,810
20210104_091255_415692,38,815
20210104_091255_435661,35,815
20210104_091255_455685,35,815
20210104_091255_475680,32,810
20210104_091255_495681,30,815
20210104_091255_515690,30,815
20210104_091255_535660,30,810
20210104_091255_555682,32,810
20210104_091255_575696,32,810
20210104_091255_595686,33,810
20210104_091255_615690,32,810
20210104_091255_635696,33,810
20210104_091255_655682,35,810
20210104_091255_675694,33,810
20210104_091255_695690,34,810
20210104_091255_715695,33,810
20210104_091255_735701,33,805
20210104_091255_755689,29,790
20210104_091255_775695,22,790
20210104_091255_795683,11,795
20210104_091255_815689,1,805
20210104_091255_835713,-6,805
20210104_091255_855684,-9,805
20210104_091255_875695,-7,805
20210104_091255_895688,-19,805
20210104_091255_915694,-8,815
20210104_091255_935695,-8,815
20210104_091255_955718,-5,815
20210104_091255_975709,-2,810
20210104_091255_995687,-2,810
20210104_091256_015690,-1,810
20210104_091256_035705,0,815
20210104_091256_055684,0,815
20210104_091256_075689,2,815
20210104_091256_095682,2,810
20210104_091256_115692,1,810
20210104_091256_135689,4,815
20210104_091256_155685,2,815
20210104_091256_175695,2,815
20210104_091256_195691,1,815
20210104_091256_215696,2,815
20210104_091256_235791,2,815
20210104_091256_255687,3,815
20210104_091256_275693,1,810
20210104_091256_295682,1,810
20210104_091256_315690,4,810
20210104_091256_335692,2,795
20210104_091256_355686,8,795
20210104_091256_375695,17,795
20210104_091256_395692,26,805
20210104_091256_415696,32,805
20210104_091256_435713,35,800
20210104_091256_455686,35,805
20210104_091256_475690,33,810
20210104_091256_495698,33,810
20210104_091256_515692,31,805
20210104_091256_535692,30,805
20210104_091256_555683,29,815
20210104_091256_575693,27,815
20210104_091256_595750,26,815
20210104_091256_615695,27,815
20210104_091256_635689,27,815
20210104_091256_655685,26,815
20210104_091256_675697,27,820
20210104_091256_695685,28,820
20210104_091256_715690,27,820
20210104_091256_735689,57,810
20210104_091256_755697,33,815
20210104_091256_775694,33,810
20210104_091256_795703,35,815
20210104_091256_815690,35,815
20210104_091256_835690,33,815
20210104_091256_855688,35,815
20210104_091256_875692,35,815
20210104_091256_895686,34,810
20210104_091256_915696,33,810
20210104_091256_935688,34,810
20210104_091256_955693,32,810
20210104_091256_975711,33,810
20210104_091256_995715,32,810
20210104_091257_015713,32,810
20210104_091257_035714,34,810
20210104_091257_055693,33,810
20210104_091257_075715,33,810
20210104_091257_095715,33,810
20210104_091257_115712,35,810
20210104_091257_135712,33,810
20210104_091257_155712,34,810
20210104_091257_175713,34,815
20210104_091257_195707,34,815
20210104_091257_215709,33,815
20210104_091257_235711,33,815
20210104_091257_255711,33,815
20210104_091257_275714,34,810
20210104_091257_295689,33,810
20210104_091257_315714,33,810
20210104_091257_335713,33,810
20210104_091257_355713,33,810
20210104_091257_375718,33,810
20210104_091257_395707,33,810
20210104_091257_415708,33,810
20210104_091257_435710,36,810
20210104_091257_455707,35,810
20210104_091257_475712,35,810
20210104_091257_495723,34,815
20210104_091257_515709,33,815
20210104_091257_535717,34,815
20210104_091257_555708,32,815
20210104_091257_575704,34,815
20210104_091257_595714,33,815
20210104_091257_615722,32,810
20210104_091257_635716,34,815
20210104_091257_655709,33,815
20210104_091257_675719,32,815
20210104_091257_695708,33,810
20210104_091257_715714,33,810
20210104_091257_735713,33,810
20210104_091257_755712,35,810
20210104_091257_775713,34,810
20210104_091257_795724,35,815
20210104_091257_815720,35,810
20210104_091257_835712,34,810
20210104_091257_855719,34,810
20210104_091257_875714,34,810
20210104_091257_895708,34,810
20210104_091257_915720,34,810
20210104_091257_935712,34,810
20210104_091257_955715,35,810
20210104_091257_975709,35,810
20210104_091257_995710,34,810
20210104_091258_015719,33,810
20210104_091258_035721,33,810
20210104_091258_055715,33,815
20210104_091258_075712,33,810
20210104_091258_095718,33,810
20210104_091258_115708,33,805
20210104_091258_135714,33,810
20210104_091258_155714,35,810
20210104_091258_175711,34,810
20210104_091258_195708,34,805
20210104_091258_215711,34,805
20210104_091258_235707,33,810
20210104_091258_255710,33,815
20210104_091258_275734,35,815
20210104_091258_295740,35,815
20210104_091258_315735,34,815
20210104_091258_335734,34,815
20210104_091258_355736,34,815
20210104_091258_375734,34,815
20210104_091258_395716,69,815
20210104_091258_415735,34,815
20210104_091258_435743,34,815
20210104_091258_455738,34,815
20210104_091258_475739,35,815
20210104_091258_495733,34,815
20210104_091258_515735,34,810
20210104_091258_535732,35,815
20210104_091258_555758,34,815
20210104_091258_575735,34,815
20210104_091258_595753,34,815
20210104_091258_615732,34,810
20210104_091258_635731,34,815
20210104_091258_655738,35,815
20210104_091258_675740,35,815
20210104_091258_695744,33,815
20210104_091258_715733,33,815
20210104_091258_735736,34,815
20210104_091258_755735,34,815
20210104_091258_775742,33,815
20210104_091258_795735,33,815
20210104_091258_815734,67,815
20210104_091258_835743,33,815
20210104_091258_855739,33,815
20210104_091258_875734,33,810
20210104_091258_895745,34,810
20210104_091258_915740,34,810
20210104_091258_935738,34,810
20210104_091258_955742,34,800
20210104_091258_975731,28,790
20210104_091258_995731,19,785
20210104_091259_015732,10,790
20210104_091259_035743,0,805
20210104_091259_055740,-5,805
20210104_091259_075733,-8,805
20210104_091259_095733,-9,805
20210104_091259_115736,-10,805
20210104_091259_135735,-8,810
20210104_091259_155737,-8,810
20210104_091259_175738,-5,810
20210104_091259_195739,-4,810
20210104_091259_215741,-2,810
20210104_091259_235740,0,815
20210104_091259_255738,0,815
20210104_091259_275741,2,815
20210104_091259_295737,0,810
20210104_091259_315736,0,810
20210104_091259_335745,1,810
20210104_091259_355739,0,765
20210104_091259_375742,0,730
20210104_091259_395739,0,705
20210104_091259_415749,0,670
20210104_091259_435734,0,625
20210104_091259_455737,0,575
20210104_091259_475736,0,525
20210104_091259_495734,-1,475
20210104_091259_515736,0,400
20210104_091259_535735,-1,355
20210104_091259_555739,-3,290
20210104_091259_575759,-1,220
20210104_091259_595742,0,185
20210104_091259_615758,0,140
20210104_091259_635780,4,125
20210104_091259_655762,8,100
20210104_091259_675762,13,75
20210104_091259_695763,17,55
20210104_091259_715754,21,40
20210104_091259_735740,25,20
20210104_091259_755766,28,10
20210104_091259_775746,30,5
20210104_091259_795803,29,5
20210104_091259_815763,28,0
20210104_091259_835784,29,5
20210104_091259_855748,27,5
20210104_091259_875754,26,15
20210104_091259_895766,27,20
20210104_091259_915772,26,20
20210104_091259_935784,26,25
20210104_091259_955757,26,25
20210104_091259_975760,21,25
20210104_091259_995766,11,25
20210104_091300_015765,0,20
20210104_091300_035782,-11,20
20210104_091300_055765,-16,10
20210104_091300_075760,-19,0
20210104_091300_095758,-17,5
20210104_091300_115761,-16,5
20210104_091422_941889,0,0
20210104_091422_954249,0,0
20210104_091422_964635,0,0
20210104_091422_975100,0,0
20210104_091422_985467,0,0
20210104_091422_995891,0,0
20210104_091423_006468,0,0
20210104_091423_016828,0,0
20210104_091423_027257,0,0
20210104_091423_037644,0,0
20210104_091423_047937,0,0
20210104_091423_058219,0,0
20210104_091423_068445,0,0
20210104_091423_078630,0,0
20210104_091423_088854,0,0
20210104_091423_099082,0,0
20210104_091423_109275,0,0
20210104_091423_119618,0,0
20210104_091423_129878,0,0
20210104_091423_140158,0,0
20210104_091423_150385,0,0
20210104_091423_160648,0,0
20210104_091423_170911,0,0
20210104_091423_181180,0,0
20210104_091423_191426,0,0
20210104_091423_201695,0,0
20210104_091423_211957,0,0
20210104_091423_222247,0,0
20210104_091423_232541,0,0
20210104_091423_242811,0,0
20210104_091423_253078,0,0
20210104_091423_267496,0,0
20210104_091423_287519,0,0
20210104_091423_307491,0,0
20210104_091423_327500,0,0
20210104_091423_347490,0,0
20210104_091423_367534,0,0
20210104_091423_387496,0,0
20210104_091423_407489,0,0
20210104_091423_427497,0,0
20210104_091423_447492,0,0
20210104_091423_467497,0,0
20210104_091423_487518,0,0
20210104_091423_507493,0,0
20210104_091423_527497,0,0
20210104_091423_547491,0,0
20210104_091423_567501,0,0
20210104_091423_587521,0,0
20210104_091423_607494,0,0
20210104_091423_627500,0,0
20210104_091423_647491,0,0
20210104_091423_667522,0,0
20210104_091423_687498,0,0
20210104_091423_707493,0,0
20210104_091423_727501,0,0
20210104_091423_747490,0,0
20210104_091423_767516,0,0
20210104_091423_787500,0,0
20210104_091423_807489,0,0
20210104_091423_827503,0,0
20210104_091423_847492,0,0
20210104_091423_867520,0,0
20210104_091423_887508,0,0
20210104_091423_907492,0,0
20210104_091423_927498,0,0
20210104_091423_947491,0,0
20210104_091423_967496,0,0
20210104_091423_987495,0,0
20210104_091424_007491,0,0
20210104_091424_027497,0,0
20210104_091424_047498,0,0
20210104_091424_067500,0,0
20210104_091424_087532,0,0
20210104_091424_107491,0,0
20210104_091424_127500,0,0
20210104_091424_147492,0,0
20210104_091424_167496,0,0
20210104_091424_187514,0,0
20210104_091424_207492,0,0
20210104_091424_227513,0,0
20210104_091424_247514,0,0
20210104_091424_267520,0,0
20210104_091424_287516,0,0
20210104_091424_307515,0,0
20210104_091424_327513,0,0
20210104_091424_347519,0,0
20210104_091424_367515,0,0
20210104_091424_387515,0,0
20210104_091424_407518,0,0
20210104_091424_427516,0,0
20210104_091424_447511,0,0
20210104_091424_467519,0,0
20210104_091424_487516,0,0
20210104_091424_507516,0,0
20210104_091424_527513,0,0
20210104_091424_547518,0,0
20210104_091424_567516,0,0
20210104_091424_587525,0,0
20210104_091424_607514,0,0
20210104_091424_627518,0,0
20210104_091424_647516,0,0
20210104_091424_667514,0,0
20210104_091424_687515,0,0
20210104_091424_707519,0,0
20210104_091424_727516,0,0
20210104_091424_747521,0,0
20210104_091424_767514,0,0
20210104_091424_787515,0,0
20210104_091424_807515,0,0
20210104_091424_827512,0,0
20210104_091424_847515,0,0
20210104_091424_867513,0,0
20210104_091424_887517,0,0
20210104_091424_907518,0,0
20210104_091424_927538,0,0
20210104_091424_947528,0,0
20210104_091424_967514,0,0
20210104_091424_987516,0,0
20210104_091425_007514,0,0
20210104_091425_027513,0,0
20210104_091425_047515,0,0
20210104_091425_067512,0,0
20210104_091425_087518,0,0
20210104_091425_107520,0,0
20210104_091425_127519,0,0
20210104_091425_147519,0,0
20210104_091425_167523,0,0
20210104_091425_187520,0,0
20210104_091425_207518,0,0
20210104_091425_227517,0,0
20210104_091425_247514,0,0
20210104_091425_267519,0,0
20210104_091425_287551,0,0
20210104_091425_307516,0,0
20210104_091425_327524,0,0
20210104_091425_347513,0,0
20210104_091425_367516,0,0
20210104_091425_387552,0,0
20210104_091425_407519,0,0
20210104_091425_427516,0,0
20210104_091425_447514,0,0
20210104_091425_467520,0,0
20210104_091425_487515,0,0
20210104_091425_507517,0,0
20210104_091425_527518,0,0
20210104_091425_547514,0,0
20210104_091425_567545,0,0
20210104_091425_587542,0,0
20210104_091425_607544,0,0
20210104_091425_627542,0,0
20210104_091425_647541,0,0
20210104_091425_667542,0,0
20210104_091425_687544,0,0
20210104_091425_707541,0,0
20210104_091425_727542,0,0
20210104_091425_747539,0,0
20210104_091425_767537,0,0
20210104_091425_787546,0,0
20210104_091425_807540,0,0
20210104_091425_827545,0,0
20210104_091425_847547,0,0
20210104_091425_867539,0,0
20210104_091425_887556,0,0
20210104_091425_907544,0,0
20210104_091425_927541,0,0
20210104_091425_947542,0,0
20210104_091425_967542,0,0
20210104_091425_987543,0,0
20210104_091426_007544,0,0
20210104_091426_027540,0,0
20210104_091426_047537,0,0
20210104_091426_067542,0,0
20210104_091426_087544,0,0
20210104_091426_107545,0,0
20210104_091426_127543,0,0
20210104_091426_147539,0,0
20210104_091426_167546,0,0
20210104_091426_187544,0,0
20210104_091426_207542,0,0
20210104_091426_227546,0,0
20210104_091426_247539,0,0
20210104_091426_267543,0,0
20210104_091426_287549,0,0
20210104_091426_307547,0,0
20210104_091426_327545,0,0
20210104_091426_347547,0,0
20210104_091426_367541,0,0
20210104_091426_387565,0,0
20210104_091426_407542,0,0
20210104_091426_427541,0,0
20210104_091426_447545,0,0
20210104_091426_467546,0,0
20210104_091426_487540,0,0
20210104_091426_507540,0,0
20210104_091426_527541,0,0
20210104_091426_547540,0,0
20210104_091426_567539,0,0
20210104_091426_587542,0,0
20210104_091426_607538,0,0
20210104_091426_627543,0,0
20210104_091426_647553,0,0
20210104_091426_667565,0,0
20210104_091426_687585,0,0
20210104_091426_707560,0,0
20210104_091426_727543,0,0
20210104_091426_747562,0,0
20210104_091426_767557,0,0
20210104_091426_787586,0,0
20210104_091426_807563,0,0
20210104_091426_827562,0,0
20210104_091426_847542,0,0
20210104_091426_867562,0,0
20210104_091426_887557,0,0
20210104_091426_907566,0,0
20210104_091426_927540,0,0
20210104_091426_947567,0,0
20210104_091426_967569,-1,0
20210104_091426_987587,0,0
20210104_091427_007565,0,0
20210104_091427_027567,0,0
20210104_091427_047567,0,0
20210104_091427_067572,0,0
20210104_091427_087590,0,0
20210104_091427_107563,0,0
20210104_091427_127558,0,0
20210104_091427_147566,0,0
20210104_091427_167571,0,0
20210104_091427_187591,0,0
20210104_091427_207569,0,0
20210104_091427_227568,0,0
20210104_091427_247569,0,0
20210104_091427_267570,0,0
20210104_091427_287589,0,0
20210104_091427_307566,0,0
20210104_091427_327565,0,0
20210104_091427_347565,0,0
20210104_091427_367568,0,0
20210104_091427_387591,0,0
20210104_091427_407570,0,0
20210104_091427_427564,0,0
20210104_091427_447570,0,0
20210104_091427_467571,0,0
20210104_091427_487587,0,0
20210104_091427_507564,0,0
20210104_091427_527569,0,0
20210104_091427_547566,0,0
20210104_091427_567566,0,0
20210104_091427_587588,0,0
20210104_091427_607567,0,0
20210104_091427_627564,0,0
20210104_091427_647570,0,0
20210104_091427_667570,0,0
20210104_091427_687600,0,0
20210104_091427_707565,0,0
20210104_091427_727566,0,0
20210104_091427_747570,0,0
20210104_091427_767575,0,0
20210104_091427_787605,0,0
20210104_091427_807573,0,0
20210104_091427_827568,0,0
20210104_091427_847567,0,0
20210104_091427_867574,0,0
20210104_091427_887565,0,0
20210104_091427_907567,0,0
20210104_091427_927567,0,0
20210104_091427_947570,0,0
20210104_091427_967571,0,0
20210104_091427_987566,0,0
20210104_091428_007566,0,0
20210104_091428_027565,0,0
20210104_091428_047569,0,0
20210104_091428_067566,0,0
20210104_091428_087565,0,0
20210104_091428_107566,0,0
20210104_091428_127563,0,0
20210104_091428_147570,0,0
20210104_091428_167568,0,0
20210104_091428_187567,0,0
20210104_091428_207564,0,0
20210104_091428_227624,0,0
20210104_091428_247569,0,0
20210104_091428_267567,0,0
20210104_091428_287611,0,0
20210104_091428_307594,0,0
20210104_091428_327621,0,0
20210104_091428_347612,0,0
20210104_091428_367623,0,0
20210104_091428_387609,0,0
20210104_091428_407623,0,0
20210104_091428_427623,0,0
20210104_091428_447614,0,0
20210104_091428_467625,0,0
20210104_091428_487612,0,0
20210104_091428_507591,0,0
20210104_091428_527596,0,0
20210104_091428_547610,0,0
20210104_091428_567599,0,0
20210104_091428_587616,0,0
20210104_091428_607624,0,0
20210104_091428_627620,0,0
20210104_091428_647613,0,0
20210104_091428_667625,0,0
20210104_091428_687611,0,0
20210104_091428_707593,0,0
20210104_091428_727622,0,0
20210104_091428_747616,0,0
20210104_091428_767594,0,0
20210104_091428_787618,0,0
20210104_091428_807591,0,0
20210104_091428_827625,0,0
20210104_091428_847615,0,0
20210104_091428_867626,0,0
20210104_091428_887642,0,0
20210104_091428_907618,0,0
20210104_091428_927624,0,0
20210104_091428_947625,0,0
20210104_091428_967623,0,0
20210104_091428_987613,0,0
20210104_091429_007637,0,0
20210104_091429_027597,0,0
20210104_091429_047610,0,0
20210104_091429_067622,0,0
20210104_091429_087612,0,0
20210104_091429_107595,0,0
20210104_091429_127594,0,0
20210104_091429_147613,0,0
20210104_091429_167624,0,0
20210104_091429_187614,0,0
20210104_091429_207622,0,0
20210104_091429_227622,0,0
20210104_091429_248181,0,0
20210104_091429_267627,0,0
20210104_091429_287616,0,0
20210104_091429_307626,0,0
20210104_091429_327626,0,0
20210104_091429_347613,0,0
20210104_091429_367624,0,0
20210104_091429_387614,0,0
20210104_091429_407598,0,0
20210104_091429_427624,0,0
20210104_091429_447611,0,0
20210104_091429_467626,0,0
20210104_091429_487611,0,0
20210104_091429_507625,0,0
20210104_091429_527593,0,0
20210104_091429_547613,0,0
20210104_091429_567621,0,0
20210104_091429_587612,0,0
20210104_091429_607624,0,0
20210104_091429_627624,0,0
20210104_091429_647617,0,0
20210104_091429_667645,0,0
20210104_091429_687615,0,0
20210104_091429_707622,0,0
20210104_091429_727641,0,0
20210104_091429_747617,0,0
20210104_091429_767639,0,0
20210104_091429_787616,0,0
20210104_091429_807625,0,0
20210104_091429_827644,0,0
20210104_091429_847623,0,0
20210104_091429_867623,0,0
20210104_091429_887616,0,0
20210104_091429_907625,0,0
20210104_091429_927639,0,0
20210104_091429_947691,0,0
20210104_091429_967627,0,0
20210104_091429_987644,0,0
20210104_091430_007625,0,0
20210104_091430_027694,0,0
20210104_091430_047613,0,0
20210104_091430_067624,0,0
20210104_091430_087619,0,0
20210104_091430_107622,0,0
20210104_091430_127637,0,0
20210104_091430_147614,0,0
20210104_091430_167643,0,0
20210104_091430_187621,0,0
20210104_091430_207615,0,0
20210104_091430_227640,0,0
20210104_091430_247618,0,0
20210104_091430_267642,0,0
20210104_091430_287616,0,0
20210104_091430_307623,0,0
20210104_091430_327643,0,0
20210104_091430_347619,0,0
20210104_091430_367623,0,0
20210104_091430_387616,0,0
20210104_091430_407640,0,0
20210104_091430_427619,0,0
20210104_091430_447615,0,0
20210104_091430_467637,0,0
20210104_091430_487613,0,0
20210104_091430_507621,0,0
20210104_091430_527622,0,0
20210104_091430_547689,0,0
20210104_091430_567628,0,0
20210104_091430_587613,0,0
20210104_091430_607629,0,0
20210104_091430_627629,0,0
20210104_091430_647690,0,0
20210104_091430_667694,0,0
20210104_091430_687618,0,0
20210104_091430_707623,0,0
20210104_091430_727644,0,0
20210104_091430_748685,0,0
20210104_091430_767702,0,0
20210104_091430_787624,0,0
20210104_091430_807646,0,0
20210104_091430_827642,0,0
20210104_091430_847617,0,0
20210104_091430_867644,0,0
20210104_091430_887694,0,0
20210104_091430_907623,0,0
20210104_091430_927641,0,0
20210104_091430_947694,0,0
20210104_091430_967690,0,0
20210104_091430_987690,0,0
20210104_091431_007695,0,0
20210104_091431_027693,0,0
20210104_091431_047694,0,0
20210104_091431_067693,0,0
20210104_091431_087692,0,0
20210104_091431_107692,0,0
20210104_091431_127696,0,0
20210104_091431_147689,0,0
20210104_091431_167690,0,0
20210104_091431_187692,0,0
20210104_091431_207690,0,0
20210104_091431_227693,0,0
20210104_091431_247688,0,0
20210104_091431_267691,0,0
20210104_091431_287689,0,0
20210104_091431_307692,0,0
20210104_091431_327696,0,0
20210104_091431_347696,0,0
20210104_091431_367689,0,0
20210104_091431_387689,0,0
20210104_091431_407688,0,0
20210104_091431_427693,0,0
20210104_091431_447693,0,0
20210104_091431_467693,0,0
20210104_091431_487694,0,0
20210104_091431_507694,0,0
20210104_091431_527695,0,0
20210104_091431_547692,0,0
20210104_091431_567693,0,0
20210104_091431_587693,0,0
20210104_091431_607691,0,0
20210104_091431_627693,0,0
20210104_091431_647689,0,0
20210104_091431_667694,0,0
20210104_091431_687694,0,0
20210104_091431_707696,0,0
20210104_091431_727691,0,0
20210104_091431_747689,0,0
20210104_091431_767691,0,0
20210104_091431_787695,0,0
20210104_091431_807690,0,0
20210104_091431_827696,0,0
20210104_091431_847696,0,0
20210104_091431_867692,0,0
20210104_091431_887694,0,0
20210104_091431_907695,0,0
20210104_091431_927694,0,0
20210104_091431_947689,0,0
20210104_091431_967694,0,0
20210104_091431_987692,0,0
20210104_091432_007692,0,0
20210104_091432_027688,0,0
20210104_091432_047687,0,0
20210104_091432_067692,0,0
20210104_091432_087690,0,0
20210104_091432_107694,0,0
20210104_091432_127692,0,0
20210104_091432_147692,0,0
20210104_091432_167691,0,0
20210104_091432_187689,0,0
20210104_091432_207689,0,0
20210104_091432_227695,0,0
20210104_091432_247689,0,0
20210104_091432_267691,0,0
20210104_091432_287689,0,0
20210104_091432_307692,0,0
20210104_091432_327691,0,0
20210104_091432_347691,0,0
20210104_091432_367694,0,0
20210104_091432_387691,0,0
20210104_091432_407692,0,0
20210104_091432_427693,0,0
20210104_091432_447689,0,0
20210104_091432_467691,0,0
20210104_091432_487691,0,0
20210104_091432_507690,0,0
20210104_091432_527692,0,0
20210104_091432_547690,0,0
20210104_091432_567694,0,0
20210104_091432_587693,0,0
20210104_091432_607690,0,0
20210104_091432_627708,0,0
20210104_091432_647693,0,0
20210104_091432_667692,0,0
20210104_091432_687693,0,0
20210104_091432_707694,0,0
20210104_091432_727690,0,0
20210104_091432_747691,0,0
20210104_091432_767690,0,0
20210104_091432_787691,0,0
20210104_091432_807689,0,0
20210104_091432_827713,0,0
20210104_091432_847696,0,0
20210104_091432_867688,0,0
20210104_091432_887689,0,0
20210104_091432_907690,0,0
20210104_091432_927738,0,0
20210104_091432_947691,0,0
20210104_091432_967691,0,0
20210104_091432_987692,0,0
20210104_091433_007693,0,0
20210104_091433_027708,0,0
20210104_091433_047695,0,0
20210104_091433_067687,0,0
20210104_091433_087694,0,0
20210104_091433_107689,0,0
20210104_091433_127714,0,0
20210104_091433_147690,0,0
20210104_091433_167690,0,0
20210104_091433_187692,0,0
20210104_091433_207690,0,0
20210104_091433_227712,0,0
20210104_091433_247691,0,0
20210104_091433_267693,0,0
20210104_091433_287690,0,0
20210104_091433_307691,0,0
20210104_091433_327712,0,0
20210104_091433_347691,0,0
20210104_091433_367690,0,0
20210104_091433_387694,0,0
20210104_091433_407694,0,0
20210104_091433_427719,0,0
20210104_091433_447696,0,0
20210104_091433_467695,0,0
20210104_091433_487690,0,0
20210104_091433_507693,0,0
20210104_091433_527713,0,0
20210104_091433_547688,0,0
20210104_091433_567693,0,0
20210104_091433_587688,0,0
20210104_091433_607689,0,0
20210104_091433_627693,0,0
20210104_091433_647690,0,0
20210104_091433_667690,0,0
20210104_091433_687689,0,0
20210104_091433_707693,0,0
20210104_091433_727711,0,0
20210104_091433_747692,0,0
20210104_091433_767693,0,0
20210104_091433_787689,0,0
20210104_091433_807691,0,0
20210104_091433_827708,0,0
20210104_091433_847690,0,0
20210104_091433_867690,0,0
20210104_091433_887690,0,0
20210104_091433_907690,0,0
20210104_091433_927711,0,0
20210104_091433_947692,0,0
20210104_091433_967690,0,0
20210104_091433_987690,0,0
20210104_091434_007692,0,0
20210104_091434_027707,0,0
20210104_091434_047687,0,0
20210104_091434_067693,0,0
20210104_091434_087688,0,0
20210104_091434_107688,0,0
20210104_091434_127710,0,0
20210104_091434_147693,0,0
20210104_091434_167691,0,0
20210104_091434_187689,0,0
20210104_091434_207691,0,0
20210104_091434_227720,0,0
20210104_091434_247689,0,0
20210104_091434_267693,0,0
20210104_091434_287690,0,0
20210104_091434_307693,0,0
20210104_091434_327721,0,0
20210104_091434_347688,0,0
20210104_091434_367697,0,0
20210104_091434_387697,0,0
20210104_091434_407689,0,0
20210104_091434_427694,0,0
20210104_091434_447691,0,0
20210104_091434_467695,0,0
20210104_091434_487692,0,0
20210104_091434_507690,0,0
20210104_091434_527696,0,0
20210104_091434_547692,0,0
20210104_091434_567690,0,0
20210104_091434_587694,0,0
20210104_091434_607692,0,0
20210104_091434_627689,0,0
20210104_091434_647690,0,0
20210104_091434_667688,0,0
20210104_091434_687692,0,0
20210104_091434_707689,0,0
20210104_091434_727693,0,0
20210104_091434_747695,0,0
20210104_091434_767693,0,0
20210104_091434_787690,0,0
20210104_091434_807688,0,0
20210104_091434_827690,0,0
20210104_091434_847689,0,0
20210104_091434_867689,0,0
20210104_091434_887689,0,0
20210104_091434_907693,0,0
20210104_091434_927692,0,0
20210104_091434_947690,0,0
20210104_091434_967694,0,0
20210104_091434_987740,0,0
20210104_091435_007715,0,0
20210104_091435_027741,0,0
20210104_091435_047748,0,0
20210104_091435_067718,0,0
20210104_091435_087738,0,0
20210104_091435_107748,0,0
20210104_091435_127740,0,0
20210104_091435_147745,0,0
20210104_091435_167744,0,0
20210104_091435_187742,0,0
20210104_091435_207746,0,0
20210104_091435_227738,0,0
20210104_091435_247716,0,0
20210104_091435_267716,0,0
20210104_091435_287739,0,0
20210104_091435_307718,0,0
20210104_091435_327740,0,0
20210104_091435_347716,0,0
20210104_091435_367744,0,0
20210104_091435_387738,0,0
20210104_091435_407717,0,0
20210104_091435_427736,0,0
20210104_091435_447751,0,0
20210104_091435_467757,0,0
20210104_091435_487747,0,0
20210104_091435_507751,0,0
20210104_091435_527758,0,0
20210104_091435_547755,0,0
20210104_091435_567718,0,0
20210104_091435_587729,0,0
20210104_091435_607748,0,0
20210104_091435_627741,0,0
20210104_091435_647747,0,0
20210104_091435_667748,0,0
20210104_091435_687739,0,0
20210104_091435_707748,0,0
20210104_091435_727740,0,0
20210104_091435_747745,0,0
20210104_091435_767749,0,0
20210104_091435_787736,0,0
20210104_091435_807720,0,0
20210104_091435_827741,0,0
20210104_091435_847752,0,0
20210104_091435_867719,0,0
20210104_091435_887741,0,0
20210104_091435_907719,0,0
20210104_091435_927743,0,0
20210104_091435_947750,0,0
20210104_091435_967752,0,0
20210104_091435_987737,0,0
20210104_091436_007749,0,0
20210104_091436_027750,0,0
20210104_091436_047748,0,0
20210104_091436_067747,0,0
20210104_091436_087739,0,0
20210104_091436_107749,0,0
20210104_091436_127742,0,0
20210104_091436_147745,0,0
20210104_091436_167750,0,0
20210104_091436_187741,0,0
20210104_091436_207714,0,0
20210104_091436_227751,0,0
20210104_091436_247742,0,0
20210104_091436_267721,0,0
20210104_091436_287740,0,0
20210104_091436_307746,0,0
20210104_091436_327739,0,0
20210104_091436_347743,0,0
20210104_091436_367746,0,0
20210104_091436_387767,0,0
20210104_091436_407767,0,0
20210104_091436_427739,0,0
20210104_091436_447748,0,0
20210104_091436_467751,0,0
20210104_091436_487747,0,0
20210104_091436_507752,0,0
20210104_091436_527746,0,0
20210104_091436_547750,0,0
20210104_091436_567761,0,0
20210104_091436_587744,0,0
20210104_091436_607765,0,0
20210104_091436_627743,0,0
20210104_091436_647745,0,0
20210104_091436_667764,0,0
20210104_091436_687742,0,0
20210104_091436_707767,0,0
20210104_091436_727743,0,0
20210104_091436_747759,0,0
20210104_091436_767750,0,0
20210104_091436_787742,0,0
20210104_091436_807767,0,0
20210104_091436_827743,0,0
20210104_091436_847768,0,0
20210104_091436_867752,0,0
20210104_091436_887764,0,0
20210104_091436_907770,0,0
20210104_091436_927748,0,0
20210104_091436_947779,0,0
20210104_091436_967745,0,0
20210104_091436_987746,0,0
20210104_091437_007750,0,0
20210104_091437_027783,0,0
20210104_091437_047769,0,0
20210104_091437_067748,0,0
20210104_091437_087737,0,0
20210104_091437_107751,0,0
20210104_091437_127738,0,0
20210104_091437_147744,0,0
20210104_091437_167765,0,0
20210104_091437_187742,0,0
20210104_091437_207747,0,0
20210104_091437_227780,0,0
20210104_091437_247743,0,0
20210104_091437_267748,0,0
20210104_091437_287769,0,0
20210104_091437_307745,0,0
20210104_091437_327740,0,0
20210104_091437_347750,0,0
20210104_091437_367769,0,0
20210104_091437_387741,0,0
20210104_091437_407746,0,0
20210104_091437_427738,0,0
20210104_091437_447748,0,0
20210104_091437_467743,0,0
20210104_091437_487745,0,0
20210104_091437_507748,0,0
20210104_091437_527745,0,0
20210104_091437_547751,0,0
20210104_091437_567749,0,0
20210104_091437_587744,0,0
