0.0607702, 0.040882, -6.2369,1611293711361
0.0220164, 0.114506, -6.23786,1611293711534
-0.084195, 0.108693, -6.25827,1611293711695
-0.0256069, 0.382328, -6.222,1611293711869
-0.0345039, 0.469305, -6.21471,1611293712057
-0.0719609, 0.626928, -6.21206,1611293712249
-0.0733203, 0.649843, -6.20046,1611293712437
-0.120195, 0.789798, -6.19317,1611293712634
-0.13736, 0.904837, -6.1927,1611293712836
-0.11314, 1.07277, -6.13012,1611293713036
-0.14524, 1.04056, -6.00408,1611293713236
-0.15913, 1.05277, -5.88293,1611293713437
-0.139057, 1.06382, -5.77992,1611293713623
-0.149996, 1.06483, -5.67047,1611293713804
-0.183881, 1.09309, -5.49356,1611293713992
-0.153119, 1.04652, -5.37933,1611293714175
-0.133567, 1.02356, -5.26438,1611293714374
-0.133676, 0.982671, -5.11561,1611293714567
-0.113898, 0.978793, -4.96684,1611293714748
-0.0951724, 0.91965, -4.90173,1611293714931
-0.00578687, 0.884221, -4.73246,1611293715117
0.0392725, 0.90961, -4.6242,1611293715310
0.232807, 0.932634, -4.55862,1611293715480
0.289428, 0.990232, -4.44616,1611293715659
0.408823, 0.996882, -4.33547,1611293715817
0.546805, 1.04157, -4.32744,1611293715985
0.640021, 1.10569, -4.30955,1611293716157
0.748668, 1.15211, -4.29022,1611293716329
0.84929, 1.21738, -4.2816,1611293716486
0.946271, 1.30306, -4.2782,1611293716646
1.03374, 1.29911, -4.28715,1611293716802
1.13014, 1.36618, -4.34047,1611293716951
1.21794, 1.40854, -4.40239,1611293717111
1.30549, 1.4804, -4.46507,1611293717268
1.40811, 1.51776, -4.53258,1611293717422
1.50285, 1.55423, -4.6006,1611293717566
1.61343, 1.554, -4.65624,1611293717721
1.7371, 1.60901, -4.70216,1611293717876
1.83355, 1.62141, -4.75761,1611293718023
1.94235, 1.64746, -4.76943,1611293718178
2.06004, 1.64691, -4.76985,1611293718324
2.16773, 1.64434, -4.77675,1611293718478
2.29223, 1.6357, -4.77704,1611293718625
2.39406, 1.66023, -4.77366,1611293718762
2.51521, 1.67704, -4.78006,1611293718904
2.60714, 1.66941, -4.78144,1611293719046
2.72797, 1.6946, -4.77721,1611293719187
2.84735, 1.67407, -4.7929,1611293719333
2.91352, 1.71137, -4.77875,1611293719461
3.09873, 1.69688, -4.73701,1611293719607
3.22261, 1.70437, -4.66826,1611293719746
3.28631, 1.72301, -4.59593,1611293719885
3.40545, 1.75148, -4.53587,1611293720030
3.52147, 1.78084, -4.4693,1611293720173
3.66819, 1.80802, -4.45132,1611293720313
3.76995, 1.83508, -4.44928,1611293720454
3.87463, 1.88911, -4.45527,1611293720600
3.97069, 1.93682, -4.45436,1611293720746
4.07661, 1.96741, -4.45129,1611293720883
4.19706, 2.01511, -4.45724,1611293721024
4.29772, 2.03516, -4.46031,1611293721169
4.42458, 2.09353, -4.45507,1611293721297
4.53006, 2.13163, -4.45567,1611293721437
4.62565, 2.18887, -4.45534,1611293721580
4.73778, 2.22297, -4.45963,1611293721725
4.84947, 2.28201, -4.45606,1611293721871
4.9476, 2.31062, -4.45555,1611293722008
5.02816, 2.33977, -4.46071,1611293722150
5.1578, 2.39469, -4.4602,1611293722294
5.26873, 2.43657, -4.45347,1611293722435
5.37675, 2.46125, -4.45452,1611293722575
5.48525, 2.52959, -4.45344,1611293722715
5.58787, 2.5613, -4.44998,1611293722849
5.70509, 2.59219, -4.45254,1611293722996
5.81472, 2.62662, -4.45218,1611293723134
5.91695, 2.70405, -4.44999,1611293723277
6.02599, 2.74311, -4.44875,1611293723418
6.1156, 2.74698, -4.45011,1611293723562
6.23595, 2.78971, -4.44952,1611293723700
6.34431, 2.85896, -4.44317,1611293723846
6.42681, 2.87403, -4.45055,1611293723987
6.55386, 2.92676, -4.47065,1611293724128
6.66518, 3.00084, -4.4139,1611293724274
6.79198, 2.94439, -4.35459,1611293724406
6.89372, 3.09578, -4.25817,1611293724548
7.02378, 3.15545, -4.20862,1611293724685
7.10596, 3.22817, -4.16844,1611293724833
7.19894, 3.2894, -4.12423,1611293724967
7.3275, 3.36105, -4.08302,1611293725113
7.36831, 3.41368, -4.0742,1611293725257
7.521, 3.57454, -4.12345,1611293725398
7.60984, 3.62729, -4.13001,1611293725539
7.68305, 3.69704, -4.13441,1611293725690
7.79378, 3.7913, -4.13261,1611293725835
7.87258, 3.84897, -4.13712,1611293725985
7.95522, 3.93131, -4.13671,1611293726124
8.07029, 4.00847, -4.13836,1611293726263
8.14441, 4.07538, -4.14245,1611293726405
8.20491, 4.16019, -4.14327,1611293726551
8.31253, 4.24352, -4.13965,1611293726698
8.40329, 4.29967, -4.14543,1611293726835
8.49047, 4.38146, -4.14518,1611293726979
8.58375, 4.45741, -4.14171,1611293727118
8.67542, 4.52638, -4.1401,1611293727266
8.76363, 4.56625, -4.14532,1611293727411
8.87021, 4.67362, -4.14176,1611293727550
8.94328, 4.72612, -4.14807,1611293727690
9.05375, 4.80885, -4.15128,1611293727834
9.12963, 4.8907, -4.15452,1611293727988
9.20838, 4.93644, -4.15254,1611293728131
9.39222, 5.1002, -4.17222,1611293728271
9.4976, 5.17643, -4.08319,1611293728415
9.6123, 5.23698, -3.99923,1611293728563
9.64318, 5.33864, -3.90274,1611293728699
9.78222, 5.4138, -3.82357,1611293728843
9.81102, 5.53011, -3.70255,1611293728987
9.92042, 5.84969, -3.61521,1611293729127
9.9504, 5.93228, -3.61624,1611293729276
9.9865, 6.10752, -3.60502,1611293729427
10.0693, 6.05047, -3.64047,1611293729569
10.1082, 6.13914, -3.66827,1611293729713
10.1369, 6.30631, -3.59128,1611293729852
10.1953, 6.41693, -3.50581,1611293729996
10.189, 6.53487, -3.40533,1611293730137
10.2047, 6.62913, -3.33441,1611293730286
10.2005, 6.75723, -3.24787,1611293730421
10.2731, 6.85463, -3.18119,1611293730565
10.2251, 7.00501, -3.15463,1611293730709
10.3243, 7.07847, -3.15619,1611293730862
10.1774, 7.19818, -3.1515,1611293731007
10.2793, 7.43196, -3.16546,1611293731146
10.1962, 7.5507, -3.15496,1611293731291
10.2523, 7.6574, -3.16116,1611293731438
10.1538, 7.93347, -3.13337,1611293731574
10.1173, 8.03795, -3.0511,1611293731718
10.1064, 8.11458, -2.96197,1611293731862
10.0758, 8.24056, -2.87699,1611293732018
10.0453, 8.37913, -2.7905,1611293732159
9.9269, 8.57694, -2.60784,1611293732303
9.87033, 8.65036, -2.53935,1611293732445
9.79067, 8.76076, -2.4721,1611293732590
9.74538, 8.84401, -2.39267,1611293732732
9.65063, 8.94179, -2.41564,1611293732872
9.59688, 8.94852, -2.43517,1611293733014
9.51335, 9.03347, -2.43257,1611293733156
9.42093, 9.16037, -2.42781,1611293733300
9.25136, 9.29558, -2.42999,1611293733441
9.1673, 9.38944, -2.42827,1611293733597
9.09354, 9.39528, -2.43365,1611293733740
9.01485, 9.49959, -2.45419,1611293733884
8.95781, 9.52907, -2.38194,1611293734028
8.88093, 9.55887, -2.30996,1611293734167
8.77498, 9.68055, -2.21432,1611293734310
8.65152, 9.74795, -2.1207,1611293734454
8.42745, 9.88582, -1.94349,1611293734602
8.32596, 9.84043, -1.83201,1611293734736
8.15199, 10.0119, -1.81489,1611293734878
8.06944, 10.0058, -1.81621,1611293735022
7.95676, 10.0405, -1.82202,1611293735165
7.84651, 10.0229, -1.81927,1611293735310
7.7266, 10.0331, -1.82175,1611293735467
7.62489, 10.0362, -1.82206,1611293735607
7.52026, 10.0796, -1.82376,1611293735746
7.40193, 10.1058, -1.84095,1611293735898
7.32552, 10.0222, -1.81329,1611293736035
7.26533, 9.94685, -1.74284,1611293736191
7.09314, 10.0098, -1.63906,1611293736329
6.9472, 10.178, -1.5468,1611293736474
6.83684, 10.071, -1.47861,1611293736624
6.71769, 10.024, -1.39125,1611293736765
6.56763, 10.0385, -1.29936,1611293736902
6.44371, 9.99948, -1.23592,1611293737046
6.31697, 9.94173, -1.15615,1611293737196
6.24398, 9.95428, -1.15511,1611293737341
6.14937, 9.89285, -1.15977,1611293737487
6.04402, 9.81478, -1.16297,1611293737632
5.9564, 9.78091, -1.16795,1611293737770
5.83686, 9.71518, -1.16164,1611293737912
5.75703, 9.66316, -1.16244,1611293738055
5.65063, 9.6267, -1.15923,1611293738198
5.56348, 9.55229, -1.16517,1611293738342
5.50363, 9.36674, -1.14042,1611293738487
5.38635, 9.26272, -1.05958,1611293738624
5.28324, 9.22016, -0.978891,1611293738773
5.13301, 9.28934, -0.858966,1611293738908
5.04169, 9.24065, -0.773471,1611293739055
4.94828, 9.12213, -0.682146,1611293739196
4.91127, 9.07632, -0.598545,1611293739338
4.84157, 8.9102, -0.515074,1611293739480
4.7813, 8.86184, -0.440771,1611293739627
4.73791, 8.77282, -0.354155,1611293739763
4.68821, 8.62107, -0.264959,1611293739906
4.68851, 8.49888, -0.180369,1611293740052
4.66369, 8.35928, -0.0834069,1611293740192
4.65955, 8.24633, -0.00270619,1611293740340
4.66309, 8.10736, 0.0876335,1611293740477
4.69902, 7.96112, 0.167583,1611293740619
4.71155, 7.86587, 0.2833,1611293740763
4.72025, 7.76783, 0.314614,1611293740904
4.78815, 7.61758, 0.314289,1611293741047
4.83206, 7.49787, 0.309536,1611293741190
4.88183, 7.42408, 0.309774,1611293741332
4.93201, 7.29766, 0.3119,1611293741474
4.97889, 7.19993, 0.329272,1611293741618
5.01028, 7.12012, 0.289326,1611293741756
5.0634, 7.04537, 0.228007,1611293741899
5.09695, 6.90705, 0.16799,1611293742042
5.14496, 6.79977, 0.167817,1611293742185
5.17568, 6.72985, 0.171999,1611293742332
5.19874, 6.60261, 0.171602,1611293742474
5.23416, 6.46171, 0.168163,1611293742612
5.28535, 6.33472, 0.161615,1611293742758
5.31209, 6.27963, 0.165974,1611293742897
5.32462, 6.15907, 0.164102,1611293743040
5.37441, 6.091, 0.169922,1611293743183
5.39912, 5.96774, 0.164702,1611293743325
5.47536, 5.73197, 0.162905,1611293743471
5.50938, 5.63328, 0.162111,1611293743611
5.55446, 5.46527, 0.164946,1611293743753
5.55141, 5.39875, 0.162066,1611293743894
5.58508, 5.27127, 0.157825,1611293744042
5.62816, 5.13995, 0.178753,1611293744182
5.61674, 5.04995, 0.167769,1611293744326
5.67277, 4.9301, 0.0683441,1611293744467
5.67991, 4.83631, -0.0148196,1611293744609
5.70497, 4.75587, -0.122589,1611293744751
5.73202, 4.67687, -0.19988,1611293744898
5.73517, 4.56062, -0.199272,1611293745040
5.72912, 4.44199, -0.193878,1611293745179
5.70175, 4.36018, -0.195184,1611293745321
5.69912, 4.23488, -0.1992,1611293745461
5.68167, 4.0964, -0.201646,1611293745604
5.66605, 3.97814, -0.207062,1611293745746
5.69018, 3.86688, -0.198387,1611293745894
5.65573, 3.75109, -0.175981,1611293746040
5.63529, 3.64432, -0.253341,1611293746182
5.61963, 3.52477, -0.344477,1611293746329
5.61325, 3.4372, -0.432545,1611293746471
5.59953, 3.3504, -0.533502,1611293746615
5.55781, 3.22148, -0.622298,1611293746759
5.50676, 3.13781, -0.700726,1611293746899
5.47685, 3.04024, -0.793262,1611293747042
5.40535, 2.93347, -0.919236,1611293747186
5.34501, 2.89354, -0.966044,1611293747327
5.26433, 2.82362, -0.969609,1611293747471
5.17038, 2.74349, -0.968953,1611293747613
5.09734, 2.65773, -0.964362,1611293747762
4.99086, 2.59908, -0.971261,1611293747897
4.93257, 2.4988, -0.967017,1611293748042
4.82621, 2.42525, -0.941956,1611293748184
4.72555, 2.36769, -0.958628,1611293748331
4.64105, 2.29512, -1.05009,1611293748466
4.5708, 2.23351, -1.13304,1611293748608
4.35707, 2.17004, -1.18434,1611293748750
4.3542, 2.11348, -1.2582,1611293748895
4.20316, 2.00569, -1.34718,1611293749038
4.22715, 2.00691, -1.42749,1611293749185
4.12061, 1.99141, -1.54049,1611293749322
4.00477, 1.98886, -1.54098,1611293749465
3.90569, 1.96485, -1.55576,1611293749608
3.7954, 1.97067, -1.55626,1611293749745
3.68867, 1.93227, -1.55906,1611293749894
3.58462, 1.93803, -1.56449,1611293750036
3.47266, 1.93955, -1.57257,1611293750176
3.35906, 1.91466, -1.58044,1611293750328
3.20292, 1.93806, -1.63127,1611293750476
3.2193, 1.89269, -1.76257,1611293750614
3.25334, 1.86642, -1.89399,1611293750758
3.26163, 1.82461, -2.02433,1611293750900
3.27397, 1.79208, -2.06294,1611293751043
3.28239, 1.79248, -2.17838,1611293751190
3.31254, 1.75324, -2.30558,1611293751332
3.30379, 1.71418, -2.45164,1611293751470
3.29122, 1.69058, -2.53288,1611293751611
3.2691, 1.72502, -2.68515,1611293751759
3.14949, 1.80799, -2.77942,1611293751898
3.11806, 1.89138, -2.86249,1611293752042
3.04084, 1.96803, -2.97568,1611293752180
3.0268, 2.07569, -3.05693,1611293752327
2.98918, 2.28886, -3.14668,1611293752467
2.97414, 2.40153, -3.20245,1611293752614
2.95643, 2.5175, -3.20635,1611293752752
2.95538, 2.61996, -3.1988,1611293752895
2.93788, 2.7251, -3.19848,1611293753039
2.92451, 2.84041, -3.20665,1611293753178
2.9194, 2.94939, -3.20314,1611293753325
2.91465, 3.05718, -3.19838,1611293753467
2.90204, 3.18564, -3.2015,1611293753606
2.88952, 3.28256, -3.19574,1611293753753
2.89448, 3.38589, -3.20932,1611293753896
2.87828, 3.50078, -3.2005,1611293754040
2.85944, 3.63773, -3.19791,1611293754177
2.83433, 3.78485, -3.19508,1611293754319
2.85999, 3.87869, -3.20183,1611293754467
2.84965, 3.97343, -3.20955,1611293754604
2.83248, 4.08576, -3.20517,1611293754761
2.81898, 4.20634, -3.20127,1611293754903
2.79089, 4.31725, -3.20585,1611293755042
2.78988, 4.41547, -3.20856,1611293755186
2.78233, 4.56176, -3.20518,1611293755329
2.77712, 4.63875, -3.21317,1611293755471
2.78008, 4.75931, -3.21303,1611293755612
2.7771, 4.88365, -3.21428,1611293755760
2.78214, 4.98561, -3.21689,1611293755898
2.76819, 5.18792, -3.21656,1611293756046
2.80197, 5.2567, -3.22046,1611293756184
2.78767, 5.42753, -3.23273,1611293756327
2.78052, 5.5159, -3.25028,1611293756470
2.75607, 5.65779, -3.16556,1611293756613
2.74638, 5.78002, -3.0747,1611293756759
2.73083, 5.92016, -2.99268,1611293756899
2.71155, 6.02225, -2.90728,1611293757038
2.68218, 6.11252, -2.79909,1611293757181
2.71071, 6.17177, -2.72704,1611293757328
2.65197, 6.25142, -2.7112,1611293757466
2.58683, 6.32159, -2.6898,1611293757619
2.50598, 6.43779, -2.67655,1611293757762
2.44551, 6.58248, -2.66898,1611293757909
2.36834, 6.67659, -2.669,1611293758039
2.33863, 6.73971, -2.67445,1611293758183
2.24952, 6.86432, -2.67615,1611293758334
2.18755, 6.94048, -2.67967,1611293758473
2.14897, 7.03245, -2.68183,1611293758615
2.08074, 7.1157, -2.67778,1611293758758
2.01945, 7.22403, -2.67783,1611293758902
1.9612, 7.33961, -2.68148,1611293759050
1.90446, 7.43114, -2.67861,1611293759188
1.84639, 7.48832, -2.68542,1611293759331
1.7789, 7.58323, -2.67852,1611293759469
1.7227, 7.67052, -2.67665,1611293759612
1.65353, 7.80435, -2.67634,1611293759759
1.59264, 7.8563, -2.67867,1611293759901
1.52804, 7.94178, -2.69245,1611293760040
1.45109, 8.07706, -2.68531,1611293760186
1.39421, 8.0614, -2.67261,1611293760327
1.34335, 8.17858, -2.61683,1611293760468
1.2668, 8.30651, -2.56511,1611293760609
1.17914, 8.40234, -2.51045,1611293760751
1.11205, 8.48514, -2.46564,1611293760893
1.03311, 8.60317, -2.41122,1611293761038
0.934484, 8.68662, -2.36047,1611293761184
0.856478, 8.74523, -2.30729,1611293761322
0.744827, 8.83318, -2.2521,1611293761470
0.651002, 8.87274, -2.2048,1611293761614
0.550944, 8.9742, -2.15502,1611293761752
0.419413, 9.04456, -2.09158,1611293761891
0.321477, 9.11614, -2.05172,1611293762035
0.239784, 9.15052, -2.04595,1611293762182
0.100228, 9.211, -2.02531,1611293762320
0.0136203, 9.2295, -2.02894,1611293762461
-0.0981426, 9.27543, -2.03006,1611293762604
-0.209675, 9.314, -2.02932,1611293762747
-0.336599, 9.35968, -2.02629,1611293762897
-0.442361, 9.40375, -2.01718,1611293763032
-0.531939, 9.44601, -2.02239,1611293763189
-0.628197, 9.47113, -2.02513,1611293763332
-0.742811, 9.47124, -2.00512,1611293763471
-0.855317, 9.52644, -1.98675,1611293763615
-0.979681, 9.57631, -1.95219,1611293763763
-1.1027, 9.61408, -1.93664,1611293763897
-1.21564, 9.63085, -1.93807,1611293764047
-1.29, 9.67729, -1.94462,1611293764195
-1.42541, 9.71604, -1.93703,1611293764325
-1.53383, 9.7093, -1.95153,1611293764469
-1.62306, 9.72412, -1.9421,1611293764616
-1.72605, 9.751, -1.88732,1611293764755
-1.98634, 9.81584, -1.76571,1611293764898
-2.11252, 9.83039, -1.73427,1611293765054
-2.21829, 9.83327, -1.73131,1611293765184
-2.35953, 9.84123, -1.72703,1611293765323
-2.45841, 9.86534, -1.74761,1611293765468
-2.54805, 9.86629, -1.74978,1611293765613
-2.65725, 9.86069, -1.66398,1611293765752
-2.81816, 9.88191, -1.58339,1611293765908
-2.93167, 9.8521, -1.50464,1611293766051
-3.05713, 9.83439, -1.41551,1611293766190
-3.18594, 9.80839, -1.36512,1611293766344
-3.28897, 9.80338, -1.31131,1611293766474
-3.39391, 9.74756, -1.26921,1611293766618
-3.5161, 9.70021, -1.24759,1611293766761
-3.63398, 9.68034, -1.27166,1611293766905
-3.72419, 9.59535, -1.24713,1611293767045
-3.84013, 9.56488, -1.16341,1611293767187
-3.94416, 9.50863, -1.081,1611293767333
-4.05782, 9.42215, -0.997859,1611293767472
-4.16997, 9.35134, -0.902832,1611293767615
-4.24681, 9.28345, -0.813894,1611293767759
-4.33246, 9.19257, -0.732507,1611293767901
-4.40871, 9.09055, -0.646785,1611293768058
-4.46169, 8.99953, -0.564664,1611293768198
-4.52107, 8.87997, -0.470259,1611293768339
-4.58477, 8.74589, -0.378977,1611293768487
-4.63047, 8.65618, -0.299955,1611293768626
-4.6671, 8.53586, -0.203471,1611293768779
-4.67886, 8.4382, -0.115406,1611293768911
-4.67923, 8.31017, -0.0255592,1611293769057
-4.66533, 8.20715, 0.0288617,1611293769198
-4.63174, 8.05598, 0.0975146,1611293769341
-4.68103, 7.97454, 0.121218,1611293769484
-4.60316, 7.77928, 0.106293,1611293769630
-4.57895, 7.68335, 0.103356,1611293769767
-4.56081, 7.56692, 0.0997624,1611293769923
-4.51446, 7.34967, 0.109226,1611293770062
-4.49064, 7.20255, 0.108451,1611293770205
-4.4588, 7.11295, 0.105645,1611293770348
-4.43786, 7.05072, 0.102061,1611293770496
-4.40685, 6.88661, 0.104258,1611293770634
-4.38748, 6.78517, 0.104024,1611293770777
-4.35491, 6.71039, 0.103778,1611293770916
-4.34719, 6.59749, 0.102404,1611293771059
-4.30038, 6.49149, 0.0993285,1611293771203
-4.31013, 6.34457, 0.104077,1611293771345
-4.24601, 6.14041, 0.104741,1611293771489
-4.23449, 6.03873, 0.104248,1611293771634
-4.18461, 5.90142, 0.106217,1611293771774
-4.16433, 5.82933, 0.0967673,1611293771912
-4.1439, 5.70205, 0.100723,1611293772057
-4.10995, 5.58756, 0.101694,1611293772201
-4.08822, 5.48413, 0.0978986,1611293772348
-4.05766, 5.37332, 0.100854,1611293772497
-4.03298, 5.27992, 0.0932986,1611293772640
-4.01904, 5.1935, 0.0958193,1611293772785
-4.01373, 5.07981, 0.0950503,1611293772929
-3.98268, 4.96729, 0.093735,1611293773068
-3.94199, 4.80958, 0.0932218,1611293773211
-3.92479, 4.70559, 0.0963518,1611293773351
-3.90149, 4.61415, 0.0945586,1611293773494
-3.867, 4.48581, 0.0948171,1611293773637
-3.85339, 4.39499, 0.0951802,1611293773780
-3.82305, 4.26091, 0.096292,1611293773923
-3.79644, 4.15095, 0.09015,1611293774066
-3.78279, 4.07714, 0.0877007,1611293774209
-3.7608, 3.99291, 0.0896964,1611293774348
-3.73373, 3.8258, 0.0887764,1611293774492
-3.66444, 3.69124, 0.0917381,1611293774635
-3.66538, 3.51522, 0.0921468,1611293774793
-3.63319, 3.37863, 0.0898498,1611293774935
-3.59806, 3.27453, 0.0991616,1611293775081
-3.5795, 3.16277, 0.0941465,1611293775218
-3.55572, 3.04898, 0.0883073,1611293775362
-3.51701, 2.94412, 0.0668222,1611293775500
-3.48148, 2.83116, 0.123294,1611293775648
-3.46914, 2.7165, 0.196532,1611293775788
-3.43366, 2.56706, 0.271637,1611293775932
-3.39408, 2.43878, 0.345373,1611293776070
-3.35141, 2.35758, 0.423024,1611293776215
-3.29005, 2.18024, 0.491935,1611293776361
-3.22713, 2.10914, 0.547482,1611293776505
-3.12688, 1.97235, 0.606015,1611293776658
-3.10836, 1.88114, 0.636339,1611293776797
-3.03003, 1.82471, 0.626814,1611293776945
-2.92606, 1.71557, 0.628133,1611293777084
-2.84562, 1.61934, 0.634979,1611293777224
-2.76254, 1.49227, 0.629178,1611293777369
-2.67379, 1.39023, 0.608338,1611293777513
-2.56943, 1.33158, 0.636668,1611293777652
-2.45631, 1.22645, 0.739213,1611293777795
-2.34948, 1.12195, 0.842012,1611293777938
-2.22962, 1.03335, 0.947394,1611293778080
-2.09967, 0.943656, 1.05767,1611293778223
-2.00004, 0.877502, 1.14769,1611293778379
-1.82886, 0.809672, 1.26131,1611293778523
-1.69855, 0.730768, 1.33383,1611293778662
-1.56153, 0.710081, 1.32232,1611293778805
-1.41464, 0.682663, 1.32108,1611293778948
-1.28419, 0.691005, 1.3451,1611293779091
-1.16353, 0.658861, 1.34871,1611293779232
-1.03173, 0.618882, 1.2292,1611293779379
-0.908182, 0.617948, 1.10798,1611293779516
-0.767345, 0.587498, 0.987291,1611293779659
-0.641672, 0.504427, 0.864174,1611293779802
-0.514788, 0.418778, 0.753694,1611293779948
-0.398343, 0.312131, 0.662205,1611293780087
-0.29155, 0.204425, 0.569009,1611293780230
-0.164813, 0.0661197, 0.555368,1611293780377
-0.0764866, -0.0455625, 0.54605,1611293780519
-0.0620521, -0.0782837, 0.444431,1611293780661
-0.0437726, -0.0478963, 0.328492,1611293780800
-0.0316107, -0.0189029, 0.212721,1611293780953
-0.0258312, -0.0205161, 0.103762,1611293781098
0, 0, 0,1611293781239
0, 0, 0,1611293781382
